[2025-03-07T19:17:26.700584+01:00] installer.INFO: Matched route "{route}". {"route":"installer_home","route_parameters":{"_controller":"OrangeHRM\\Installer\\Controller\\HomeController::handle","_route":"installer_home"},"request_uri":"http://localhost/orangehrm-5.7/installer/index.php/","method":"GET"} []
[2025-03-07T19:17:26.778617+01:00] installer.INFO: Matched route "{route}". {"route":"installer_welcome","route_parameters":{"_controller":"OrangeHRM\\Installer\\Controller\\WelcomeController::handle","_route":"installer_welcome"},"request_uri":"http://localhost/orangehrm-5.7/installer/index.php/welcome","method":"GET"} []
[2025-03-07T19:19:27.905277+01:00] installer.INFO: Matched route "{route}". {"route":"installer_home","route_parameters":{"_controller":"OrangeHRM\\Installer\\Controller\\HomeController::handle","_route":"installer_home"},"request_uri":"http://localhost/orangehrm-5.7/installer/index.php/","method":"GET"} []
[2025-03-07T19:19:27.980161+01:00] installer.INFO: Matched route "{route}". {"route":"installer_welcome","route_parameters":{"_controller":"OrangeHRM\\Installer\\Controller\\WelcomeController::handle","_route":"installer_welcome"},"request_uri":"http://localhost/orangehrm-5.7/installer/index.php/welcome","method":"GET"} []
[2025-03-07T19:19:30.818578+01:00] installer.INFO: Matched route "{route}". {"route":"installer_licence_acceptance","route_parameters":{"_controller":"OrangeHRM\\Installer\\Controller\\Installer\\LicenceAcceptanceController::handle","_route":"installer_licence_acceptance"},"request_uri":"http://localhost/orangehrm-5.7/installer/index.php/installer/licence-acceptance","method":"GET"} []
[2025-03-07T19:19:34.543458+01:00] installer.INFO: Matched route "{route}". {"route":"installer_database_config","route_parameters":{"_controller":"OrangeHRM\\Installer\\Controller\\Installer\\DatabaseConfigController::handle","_route":"installer_database_config"},"request_uri":"http://localhost/orangehrm-5.7/installer/index.php/installer/database-config","method":"GET"} []
[2025-03-07T19:19:34.762052+01:00] installer.INFO: Matched route "{route}". {"route":"api_installer_database_config","route_parameters":{"_controller":"OrangeHRM\\Installer\\Controller\\Installer\\Api\\DatabaseConfigAPI::handle","_route":"api_installer_database_config"},"request_uri":"http://localhost/orangehrm-5.7/installer/index.php/installer/api/database-config","method":"GET"} []
[2025-03-07T19:22:27.017240+01:00] installer.INFO: Matched route "{route}". {"route":"api_installer_database_config","route_parameters":{"_controller":"OrangeHRM\\Installer\\Controller\\Installer\\Api\\DatabaseConfigAPI::handle","_route":"api_installer_database_config"},"request_uri":"http://localhost/orangehrm-5.7/installer/index.php/installer/api/database-config","method":"POST"} []
[2025-03-07T19:22:27.161320+01:00] installer.INFO: Matched route "{route}". {"route":"installer_system_check","route_parameters":{"_controller":"OrangeHRM\\Installer\\Controller\\Installer\\SystemCheckController::handle","_route":"installer_system_check"},"request_uri":"http://localhost/orangehrm-5.7/installer/index.php/installer/system-check","method":"GET"} []
[2025-03-07T19:22:27.409786+01:00] installer.INFO: Matched route "{route}". {"route":"api_installer_system_check","route_parameters":{"_controller":"OrangeHRM\\Installer\\Controller\\Installer\\Api\\SystemCheckAPI::handle","_route":"api_installer_system_check"},"request_uri":"http://localhost/orangehrm-5.7/installer/index.php/installer/api/system-check","method":"GET"} []
[2025-03-07T19:23:57.179436+01:00] installer.INFO: Matched route "{route}". {"route":"installer_system_check","route_parameters":{"_controller":"OrangeHRM\\Installer\\Controller\\Installer\\SystemCheckController::handle","_route":"installer_system_check"},"request_uri":"http://localhost/orangehrm-5.7/installer/index.php/installer/system-check","method":"GET"} []
[2025-03-07T19:23:57.408033+01:00] installer.INFO: Matched route "{route}". {"route":"api_installer_system_check","route_parameters":{"_controller":"OrangeHRM\\Installer\\Controller\\Installer\\Api\\SystemCheckAPI::handle","_route":"api_installer_system_check"},"request_uri":"http://localhost/orangehrm-5.7/installer/index.php/installer/api/system-check","method":"GET"} []
[2025-03-07T19:23:59.950446+01:00] installer.INFO: Matched route "{route}". {"route":"installer_instance_creation","route_parameters":{"_controller":"OrangeHRM\\Installer\\Controller\\Installer\\InstanceCreationController::handle","_route":"installer_instance_creation"},"request_uri":"http://localhost/orangehrm-5.7/installer/index.php/installer/instance-creation","method":"GET"} []
[2025-03-07T19:24:00.191762+01:00] installer.INFO: Matched route "{route}". {"route":"api_installer_countries","route_parameters":{"_controller":"OrangeHRM\\Installer\\Controller\\Installer\\Api\\CountryAPI::handle","_route":"api_installer_countries"},"request_uri":"http://localhost/orangehrm-5.7/installer/index.php/installer/api/countries","method":"GET"} []
[2025-03-07T19:24:00.269213+01:00] installer.INFO: Matched route "{route}". {"route":"api_installer_languages","route_parameters":{"_controller":"OrangeHRM\\Installer\\Controller\\Installer\\Api\\LanguageAPI::handle","_route":"api_installer_languages"},"request_uri":"http://localhost/orangehrm-5.7/installer/index.php/installer/api/languages","method":"GET"} []
[2025-03-07T19:24:00.356601+01:00] installer.INFO: Matched route "{route}". {"route":"api_installer_timezones","route_parameters":{"_controller":"OrangeHRM\\Installer\\Controller\\Installer\\Api\\TimezoneAPI::handle","_route":"api_installer_timezones"},"request_uri":"http://localhost/orangehrm-5.7/installer/index.php/installer/api/timezones","method":"GET"} []
[2025-03-07T19:24:00.430752+01:00] installer.INFO: Matched route "{route}". {"route":"api_installer_instance","route_parameters":{"_controller":"OrangeHRM\\Installer\\Controller\\Installer\\Api\\InstanceAPI::handle","_route":"api_installer_instance"},"request_uri":"http://localhost/orangehrm-5.7/installer/index.php/installer/api/instance","method":"GET"} []
[2025-03-07T19:24:40.301996+01:00] installer.INFO: Matched route "{route}". {"route":"api_installer_instance","route_parameters":{"_controller":"OrangeHRM\\Installer\\Controller\\Installer\\Api\\InstanceAPI::handle","_route":"api_installer_instance"},"request_uri":"http://localhost/orangehrm-5.7/installer/index.php/installer/api/instance","method":"POST"} []
[2025-03-07T19:24:40.426403+01:00] installer.INFO: Matched route "{route}". {"route":"installer_admin_user_creation","route_parameters":{"_controller":"OrangeHRM\\Installer\\Controller\\Installer\\AdminUserCreationController::handle","_route":"installer_admin_user_creation"},"request_uri":"http://localhost/orangehrm-5.7/installer/index.php/installer/admin-user-creation","method":"GET"} []
[2025-03-07T19:24:40.692273+01:00] installer.INFO: Matched route "{route}". {"route":"api_installer_admin_user","route_parameters":{"_controller":"OrangeHRM\\Installer\\Controller\\Installer\\Api\\AdminUserAPI::handle","_route":"api_installer_admin_user"},"request_uri":"http://localhost/orangehrm-5.7/installer/index.php/installer/api/admin-user","method":"GET"} []
[2025-03-07T19:25:02.650819+01:00] installer.INFO: Matched route "{route}". {"route":"api_installer_admin_user","route_parameters":{"_controller":"OrangeHRM\\Installer\\Controller\\Installer\\Api\\AdminUserAPI::handle","_route":"api_installer_admin_user"},"request_uri":"http://localhost/orangehrm-5.7/installer/index.php/installer/api/admin-user","method":"POST"} []
[2025-03-07T19:25:02.770786+01:00] installer.INFO: Matched route "{route}". {"route":"installer_confirmation","route_parameters":{"_controller":"OrangeHRM\\Installer\\Controller\\Installer\\ConfirmationController::handle","_route":"installer_confirmation"},"request_uri":"http://localhost/orangehrm-5.7/installer/index.php/installer/confirmation","method":"GET"} []
[2025-03-07T19:25:03.050591+01:00] installer.INFO: Matched route "{route}". {"route":"api_installer_database_config","route_parameters":{"_controller":"OrangeHRM\\Installer\\Controller\\Installer\\Api\\DatabaseConfigAPI::handle","_route":"api_installer_database_config"},"request_uri":"http://localhost/orangehrm-5.7/installer/index.php/installer/api/database-config","method":"GET"} []
[2025-03-07T19:25:03.158075+01:00] installer.INFO: Matched route "{route}". {"route":"api_installer_admin_user","route_parameters":{"_controller":"OrangeHRM\\Installer\\Controller\\Installer\\Api\\AdminUserAPI::handle","_route":"api_installer_admin_user"},"request_uri":"http://localhost/orangehrm-5.7/installer/index.php/installer/api/admin-user","method":"GET"} []
[2025-03-07T19:36:06.255931+01:00] installer.INFO: Matched route "{route}". {"route":"installer_process","route_parameters":{"_controller":"OrangeHRM\\Installer\\Controller\\Installer\\InstallerController::handle","_route":"installer_process"},"request_uri":"http://localhost/orangehrm-5.7/installer/index.php/installer/process","method":"GET"} []
[2025-03-07T19:36:06.448703+01:00] installer.INFO: Matched route "{route}". {"route":"api_installer_start_registration","route_parameters":{"_controller":"OrangeHRM\\Installer\\Controller\\Installer\\Api\\InstallerDataRegistrationAPI::handle","_route":"api_installer_start_registration"},"request_uri":"http://localhost/orangehrm-5.7/installer/index.php/installer/api/send-data/installer-start","method":"POST"} []
[2025-03-07T19:36:07.791580+01:00] installer.INFO: Matched route "{route}". {"route":"api_installer_database","route_parameters":{"_controller":"OrangeHRM\\Installer\\Controller\\Installer\\Api\\InstallationDatabaseAPI::handle","_route":"api_installer_database"},"request_uri":"http://localhost/orangehrm-5.7/installer/index.php/installer/api/installation/database","method":"POST"} []
[2025-03-07T19:36:07.903058+01:00] installer.INFO: Matched route "{route}". {"route":"api_installer_pre_migration_check","route_parameters":{"_controller":"OrangeHRM\\Installer\\Controller\\Installer\\Api\\PreMigrationCheck::handle","_route":"api_installer_pre_migration_check"},"request_uri":"http://localhost/orangehrm-5.7/installer/index.php/installer/api/installation/pre-migration","method":"POST"} []
[2025-03-07T19:36:07.930090+01:00] installer.INFO: Instance details: {"os":{"os":"Windows NT","release_name":"10.0","version_info":"build 26100 (Windows 11)"},"php":{"version":"8.2.12"},"mysql":{"client_version":"mysqlnd 8.2.12","server_version":"10.4.32-MariaDB","conn_type":"localhost via TCP\/IP"},"server":"Apache\/2.4.58 (Win64) OpenSSL\/3.1.3 PHP\/8.2.12","ohrm":{"version":"5.7"}} [] []
[2025-03-07T19:36:08.201457+01:00] installer.INFO: Matched route "{route}". {"route":"api_installer_versions","route_parameters":{"_controller":"OrangeHRM\\Installer\\Controller\\Installer\\Api\\VersionAPI::handle","_route":"api_installer_versions"},"request_uri":"http://localhost/orangehrm-5.7/installer/index.php/installer/api/versions?excludeLatest=false","method":"GET"} []
[2025-03-07T19:36:08.272696+01:00] installer.INFO: Matched route "{route}". {"route":"api_installer_migration","route_parameters":{"_controller":"OrangeHRM\\Installer\\Controller\\Installer\\Api\\MigrationAPI::handle","_route":"api_installer_migration"},"request_uri":"http://localhost/orangehrm-5.7/installer/index.php/installer/api/installation/migration","method":"POST"} []
[2025-03-07T19:36:08.278350+01:00] installer.INFO: {"version":"3.3.3"} [] []
[2025-03-07T19:36:08.308996+01:00] installer.INFO: Instance details: {"os":{"os":"Windows NT","release_name":"10.0","version_info":"build 26100 (Windows 11)"},"php":{"version":"8.2.12"},"mysql":{"client_version":"mysqlnd 8.2.12","server_version":"10.4.32-MariaDB","conn_type":"localhost via TCP\/IP"},"server":"Apache\/2.4.58 (Win64) OpenSSL\/3.1.3 PHP\/8.2.12","ohrm":{"version":"5.7"}} [] []
[2025-03-07T19:36:08.324395+01:00] installer.INFO: set_time_limit: success [] []
[2025-03-07T19:36:14.030257+01:00] installer.INFO: Matched route "{route}". {"route":"api_installer_migration","route_parameters":{"_controller":"OrangeHRM\\Installer\\Controller\\Installer\\Api\\MigrationAPI::handle","_route":"api_installer_migration"},"request_uri":"http://localhost/orangehrm-5.7/installer/index.php/installer/api/installation/migration","method":"POST"} []
[2025-03-07T19:36:14.035613+01:00] installer.INFO: {"version":"4.0"} [] []
[2025-03-07T19:36:14.061153+01:00] installer.INFO: Instance details: {"os":{"os":"Windows NT","release_name":"10.0","version_info":"build 26100 (Windows 11)"},"php":{"version":"8.2.12"},"mysql":{"client_version":"mysqlnd 8.2.12","server_version":"10.4.32-MariaDB","conn_type":"localhost via TCP\/IP"},"server":"Apache\/2.4.58 (Win64) OpenSSL\/3.1.3 PHP\/8.2.12","ohrm":{"version":"5.7"}} [] []
[2025-03-07T19:36:14.069220+01:00] installer.INFO: set_time_limit: success [] []
[2025-03-07T19:36:14.195209+01:00] installer.INFO: Matched route "{route}". {"route":"api_installer_migration","route_parameters":{"_controller":"OrangeHRM\\Installer\\Controller\\Installer\\Api\\MigrationAPI::handle","_route":"api_installer_migration"},"request_uri":"http://localhost/orangehrm-5.7/installer/index.php/installer/api/installation/migration","method":"POST"} []
[2025-03-07T19:36:14.200706+01:00] installer.INFO: {"version":"4.1"} [] []
[2025-03-07T19:36:14.246004+01:00] installer.INFO: Instance details: {"os":{"os":"Windows NT","release_name":"10.0","version_info":"build 26100 (Windows 11)"},"php":{"version":"8.2.12"},"mysql":{"client_version":"mysqlnd 8.2.12","server_version":"10.4.32-MariaDB","conn_type":"localhost via TCP\/IP"},"server":"Apache\/2.4.58 (Win64) OpenSSL\/3.1.3 PHP\/8.2.12","ohrm":{"version":"5.7"}} [] []
[2025-03-07T19:36:14.254600+01:00] installer.INFO: set_time_limit: success [] []
[2025-03-07T19:36:14.486755+01:00] installer.INFO: Matched route "{route}". {"route":"api_installer_migration","route_parameters":{"_controller":"OrangeHRM\\Installer\\Controller\\Installer\\Api\\MigrationAPI::handle","_route":"api_installer_migration"},"request_uri":"http://localhost/orangehrm-5.7/installer/index.php/installer/api/installation/migration","method":"POST"} []
[2025-03-07T19:36:14.492281+01:00] installer.INFO: {"version":"4.1.1"} [] []
[2025-03-07T19:36:14.547606+01:00] installer.INFO: Instance details: {"os":{"os":"Windows NT","release_name":"10.0","version_info":"build 26100 (Windows 11)"},"php":{"version":"8.2.12"},"mysql":{"client_version":"mysqlnd 8.2.12","server_version":"10.4.32-MariaDB","conn_type":"localhost via TCP\/IP"},"server":"Apache\/2.4.58 (Win64) OpenSSL\/3.1.3 PHP\/8.2.12","ohrm":{"version":"5.7"}} [] []
[2025-03-07T19:36:14.558544+01:00] installer.INFO: set_time_limit: success [] []
[2025-03-07T19:36:14.821347+01:00] installer.INFO: Matched route "{route}". {"route":"api_installer_migration","route_parameters":{"_controller":"OrangeHRM\\Installer\\Controller\\Installer\\Api\\MigrationAPI::handle","_route":"api_installer_migration"},"request_uri":"http://localhost/orangehrm-5.7/installer/index.php/installer/api/installation/migration","method":"POST"} []
[2025-03-07T19:36:14.826680+01:00] installer.INFO: {"version":"4.1.2"} [] []
[2025-03-07T19:36:14.863125+01:00] installer.INFO: Instance details: {"os":{"os":"Windows NT","release_name":"10.0","version_info":"build 26100 (Windows 11)"},"php":{"version":"8.2.12"},"mysql":{"client_version":"mysqlnd 8.2.12","server_version":"10.4.32-MariaDB","conn_type":"localhost via TCP\/IP"},"server":"Apache\/2.4.58 (Win64) OpenSSL\/3.1.3 PHP\/8.2.12","ohrm":{"version":"5.7"}} [] []
[2025-03-07T19:36:14.871645+01:00] installer.INFO: set_time_limit: success [] []
[2025-03-07T19:36:14.971848+01:00] installer.INFO: Matched route "{route}". {"route":"api_installer_migration","route_parameters":{"_controller":"OrangeHRM\\Installer\\Controller\\Installer\\Api\\MigrationAPI::handle","_route":"api_installer_migration"},"request_uri":"http://localhost/orangehrm-5.7/installer/index.php/installer/api/installation/migration","method":"POST"} []
[2025-03-07T19:36:14.977329+01:00] installer.INFO: {"version":"4.1.2.1"} [] []
[2025-03-07T19:36:15.006458+01:00] installer.INFO: Instance details: {"os":{"os":"Windows NT","release_name":"10.0","version_info":"build 26100 (Windows 11)"},"php":{"version":"8.2.12"},"mysql":{"client_version":"mysqlnd 8.2.12","server_version":"10.4.32-MariaDB","conn_type":"localhost via TCP\/IP"},"server":"Apache\/2.4.58 (Win64) OpenSSL\/3.1.3 PHP\/8.2.12","ohrm":{"version":"5.7"}} [] []
[2025-03-07T19:36:15.015118+01:00] installer.INFO: set_time_limit: success [] []
[2025-03-07T19:36:15.130427+01:00] installer.INFO: Matched route "{route}". {"route":"api_installer_migration","route_parameters":{"_controller":"OrangeHRM\\Installer\\Controller\\Installer\\Api\\MigrationAPI::handle","_route":"api_installer_migration"},"request_uri":"http://localhost/orangehrm-5.7/installer/index.php/installer/api/installation/migration","method":"POST"} []
[2025-03-07T19:36:15.136540+01:00] installer.INFO: {"version":"4.2"} [] []
[2025-03-07T19:36:15.163136+01:00] installer.INFO: Instance details: {"os":{"os":"Windows NT","release_name":"10.0","version_info":"build 26100 (Windows 11)"},"php":{"version":"8.2.12"},"mysql":{"client_version":"mysqlnd 8.2.12","server_version":"10.4.32-MariaDB","conn_type":"localhost via TCP\/IP"},"server":"Apache\/2.4.58 (Win64) OpenSSL\/3.1.3 PHP\/8.2.12","ohrm":{"version":"5.7"}} [] []
[2025-03-07T19:36:15.170307+01:00] installer.INFO: set_time_limit: success [] []
[2025-03-07T19:36:15.295553+01:00] installer.INFO: Matched route "{route}". {"route":"api_installer_migration","route_parameters":{"_controller":"OrangeHRM\\Installer\\Controller\\Installer\\Api\\MigrationAPI::handle","_route":"api_installer_migration"},"request_uri":"http://localhost/orangehrm-5.7/installer/index.php/installer/api/installation/migration","method":"POST"} []
[2025-03-07T19:36:15.300805+01:00] installer.INFO: {"version":"4.2.0.1"} [] []
[2025-03-07T19:36:15.364842+01:00] installer.INFO: Instance details: {"os":{"os":"Windows NT","release_name":"10.0","version_info":"build 26100 (Windows 11)"},"php":{"version":"8.2.12"},"mysql":{"client_version":"mysqlnd 8.2.12","server_version":"10.4.32-MariaDB","conn_type":"localhost via TCP\/IP"},"server":"Apache\/2.4.58 (Win64) OpenSSL\/3.1.3 PHP\/8.2.12","ohrm":{"version":"5.7"}} [] []
[2025-03-07T19:36:15.372283+01:00] installer.INFO: set_time_limit: success [] []
[2025-03-07T19:36:15.471190+01:00] installer.INFO: Matched route "{route}". {"route":"api_installer_migration","route_parameters":{"_controller":"OrangeHRM\\Installer\\Controller\\Installer\\Api\\MigrationAPI::handle","_route":"api_installer_migration"},"request_uri":"http://localhost/orangehrm-5.7/installer/index.php/installer/api/installation/migration","method":"POST"} []
[2025-03-07T19:36:15.476632+01:00] installer.INFO: {"version":"4.3"} [] []
[2025-03-07T19:36:15.507503+01:00] installer.INFO: Instance details: {"os":{"os":"Windows NT","release_name":"10.0","version_info":"build 26100 (Windows 11)"},"php":{"version":"8.2.12"},"mysql":{"client_version":"mysqlnd 8.2.12","server_version":"10.4.32-MariaDB","conn_type":"localhost via TCP\/IP"},"server":"Apache\/2.4.58 (Win64) OpenSSL\/3.1.3 PHP\/8.2.12","ohrm":{"version":"5.7"}} [] []
[2025-03-07T19:36:15.514547+01:00] installer.INFO: set_time_limit: success [] []
[2025-03-07T19:36:15.641340+01:00] installer.INFO: Matched route "{route}". {"route":"api_installer_migration","route_parameters":{"_controller":"OrangeHRM\\Installer\\Controller\\Installer\\Api\\MigrationAPI::handle","_route":"api_installer_migration"},"request_uri":"http://localhost/orangehrm-5.7/installer/index.php/installer/api/installation/migration","method":"POST"} []
[2025-03-07T19:36:15.646766+01:00] installer.INFO: {"version":"4.3.1"} [] []
[2025-03-07T19:36:15.678012+01:00] installer.INFO: Instance details: {"os":{"os":"Windows NT","release_name":"10.0","version_info":"build 26100 (Windows 11)"},"php":{"version":"8.2.12"},"mysql":{"client_version":"mysqlnd 8.2.12","server_version":"10.4.32-MariaDB","conn_type":"localhost via TCP\/IP"},"server":"Apache\/2.4.58 (Win64) OpenSSL\/3.1.3 PHP\/8.2.12","ohrm":{"version":"5.7"}} [] []
[2025-03-07T19:36:15.685668+01:00] installer.INFO: set_time_limit: success [] []
[2025-03-07T19:36:15.796413+01:00] installer.INFO: Matched route "{route}". {"route":"api_installer_migration","route_parameters":{"_controller":"OrangeHRM\\Installer\\Controller\\Installer\\Api\\MigrationAPI::handle","_route":"api_installer_migration"},"request_uri":"http://localhost/orangehrm-5.7/installer/index.php/installer/api/installation/migration","method":"POST"} []
[2025-03-07T19:36:15.801729+01:00] installer.INFO: {"version":"4.3.2"} [] []
[2025-03-07T19:36:15.820209+01:00] installer.INFO: Instance details: {"os":{"os":"Windows NT","release_name":"10.0","version_info":"build 26100 (Windows 11)"},"php":{"version":"8.2.12"},"mysql":{"client_version":"mysqlnd 8.2.12","server_version":"10.4.32-MariaDB","conn_type":"localhost via TCP\/IP"},"server":"Apache\/2.4.58 (Win64) OpenSSL\/3.1.3 PHP\/8.2.12","ohrm":{"version":"5.7"}} [] []
[2025-03-07T19:36:15.827226+01:00] installer.INFO: set_time_limit: success [] []
[2025-03-07T19:36:15.947305+01:00] installer.INFO: Matched route "{route}". {"route":"api_installer_migration","route_parameters":{"_controller":"OrangeHRM\\Installer\\Controller\\Installer\\Api\\MigrationAPI::handle","_route":"api_installer_migration"},"request_uri":"http://localhost/orangehrm-5.7/installer/index.php/installer/api/installation/migration","method":"POST"} []
[2025-03-07T19:36:15.952745+01:00] installer.INFO: {"version":"4.3.3"} [] []
[2025-03-07T19:36:15.971705+01:00] installer.INFO: Instance details: {"os":{"os":"Windows NT","release_name":"10.0","version_info":"build 26100 (Windows 11)"},"php":{"version":"8.2.12"},"mysql":{"client_version":"mysqlnd 8.2.12","server_version":"10.4.32-MariaDB","conn_type":"localhost via TCP\/IP"},"server":"Apache\/2.4.58 (Win64) OpenSSL\/3.1.3 PHP\/8.2.12","ohrm":{"version":"5.7"}} [] []
[2025-03-07T19:36:15.979266+01:00] installer.INFO: set_time_limit: success [] []
[2025-03-07T19:36:18.482745+01:00] installer.INFO: Matched route "{route}". {"route":"api_installer_migration","route_parameters":{"_controller":"OrangeHRM\\Installer\\Controller\\Installer\\Api\\MigrationAPI::handle","_route":"api_installer_migration"},"request_uri":"http://localhost/orangehrm-5.7/installer/index.php/installer/api/installation/migration","method":"POST"} []
[2025-03-07T19:36:18.488104+01:00] installer.INFO: {"version":"4.3.4"} [] []
[2025-03-07T19:36:18.507228+01:00] installer.INFO: Instance details: {"os":{"os":"Windows NT","release_name":"10.0","version_info":"build 26100 (Windows 11)"},"php":{"version":"8.2.12"},"mysql":{"client_version":"mysqlnd 8.2.12","server_version":"10.4.32-MariaDB","conn_type":"localhost via TCP\/IP"},"server":"Apache\/2.4.58 (Win64) OpenSSL\/3.1.3 PHP\/8.2.12","ohrm":{"version":"5.7"}} [] []
[2025-03-07T19:36:18.514786+01:00] installer.INFO: set_time_limit: success [] []
[2025-03-07T19:36:18.625298+01:00] installer.INFO: Matched route "{route}". {"route":"api_installer_migration","route_parameters":{"_controller":"OrangeHRM\\Installer\\Controller\\Installer\\Api\\MigrationAPI::handle","_route":"api_installer_migration"},"request_uri":"http://localhost/orangehrm-5.7/installer/index.php/installer/api/installation/migration","method":"POST"} []
[2025-03-07T19:36:18.630807+01:00] installer.INFO: {"version":"4.3.5"} [] []
[2025-03-07T19:36:18.649210+01:00] installer.INFO: Instance details: {"os":{"os":"Windows NT","release_name":"10.0","version_info":"build 26100 (Windows 11)"},"php":{"version":"8.2.12"},"mysql":{"client_version":"mysqlnd 8.2.12","server_version":"10.4.32-MariaDB","conn_type":"localhost via TCP\/IP"},"server":"Apache\/2.4.58 (Win64) OpenSSL\/3.1.3 PHP\/8.2.12","ohrm":{"version":"5.7"}} [] []
[2025-03-07T19:36:18.656505+01:00] installer.INFO: set_time_limit: success [] []
[2025-03-07T19:36:18.754729+01:00] installer.INFO: Matched route "{route}". {"route":"api_installer_migration","route_parameters":{"_controller":"OrangeHRM\\Installer\\Controller\\Installer\\Api\\MigrationAPI::handle","_route":"api_installer_migration"},"request_uri":"http://localhost/orangehrm-5.7/installer/index.php/installer/api/installation/migration","method":"POST"} []
[2025-03-07T19:36:18.760102+01:00] installer.INFO: {"version":"4.4"} [] []
[2025-03-07T19:36:18.796446+01:00] installer.INFO: Instance details: {"os":{"os":"Windows NT","release_name":"10.0","version_info":"build 26100 (Windows 11)"},"php":{"version":"8.2.12"},"mysql":{"client_version":"mysqlnd 8.2.12","server_version":"10.4.32-MariaDB","conn_type":"localhost via TCP\/IP"},"server":"Apache\/2.4.58 (Win64) OpenSSL\/3.1.3 PHP\/8.2.12","ohrm":{"version":"5.7"}} [] []
[2025-03-07T19:36:18.804097+01:00] installer.INFO: set_time_limit: success [] []
[2025-03-07T19:36:19.683715+01:00] installer.INFO: Matched route "{route}". {"route":"api_installer_migration","route_parameters":{"_controller":"OrangeHRM\\Installer\\Controller\\Installer\\Api\\MigrationAPI::handle","_route":"api_installer_migration"},"request_uri":"http://localhost/orangehrm-5.7/installer/index.php/installer/api/installation/migration","method":"POST"} []
[2025-03-07T19:36:19.689005+01:00] installer.INFO: {"version":"4.5"} [] []
[2025-03-07T19:36:19.746134+01:00] installer.INFO: Instance details: {"os":{"os":"Windows NT","release_name":"10.0","version_info":"build 26100 (Windows 11)"},"php":{"version":"8.2.12"},"mysql":{"client_version":"mysqlnd 8.2.12","server_version":"10.4.32-MariaDB","conn_type":"localhost via TCP\/IP"},"server":"Apache\/2.4.58 (Win64) OpenSSL\/3.1.3 PHP\/8.2.12","ohrm":{"version":"5.7"}} [] []
[2025-03-07T19:36:19.754739+01:00] installer.INFO: set_time_limit: success [] []
[2025-03-07T19:36:19.907748+01:00] installer.INFO: Matched route "{route}". {"route":"api_installer_migration","route_parameters":{"_controller":"OrangeHRM\\Installer\\Controller\\Installer\\Api\\MigrationAPI::handle","_route":"api_installer_migration"},"request_uri":"http://localhost/orangehrm-5.7/installer/index.php/installer/api/installation/migration","method":"POST"} []
[2025-03-07T19:36:19.914660+01:00] installer.INFO: {"version":"4.6"} [] []
[2025-03-07T19:36:19.935499+01:00] installer.INFO: Instance details: {"os":{"os":"Windows NT","release_name":"10.0","version_info":"build 26100 (Windows 11)"},"php":{"version":"8.2.12"},"mysql":{"client_version":"mysqlnd 8.2.12","server_version":"10.4.32-MariaDB","conn_type":"localhost via TCP\/IP"},"server":"Apache\/2.4.58 (Win64) OpenSSL\/3.1.3 PHP\/8.2.12","ohrm":{"version":"5.7"}} [] []
[2025-03-07T19:36:19.943760+01:00] installer.INFO: set_time_limit: success [] []
[2025-03-07T19:36:20.793370+01:00] installer.INFO: Matched route "{route}". {"route":"api_installer_migration","route_parameters":{"_controller":"OrangeHRM\\Installer\\Controller\\Installer\\Api\\MigrationAPI::handle","_route":"api_installer_migration"},"request_uri":"http://localhost/orangehrm-5.7/installer/index.php/installer/api/installation/migration","method":"POST"} []
[2025-03-07T19:36:20.802089+01:00] installer.INFO: {"version":"4.6.0.1"} [] []
[2025-03-07T19:36:20.824178+01:00] installer.INFO: Instance details: {"os":{"os":"Windows NT","release_name":"10.0","version_info":"build 26100 (Windows 11)"},"php":{"version":"8.2.12"},"mysql":{"client_version":"mysqlnd 8.2.12","server_version":"10.4.32-MariaDB","conn_type":"localhost via TCP\/IP"},"server":"Apache\/2.4.58 (Win64) OpenSSL\/3.1.3 PHP\/8.2.12","ohrm":{"version":"5.7"}} [] []
[2025-03-07T19:36:20.831999+01:00] installer.INFO: set_time_limit: success [] []
[2025-03-07T19:36:20.941481+01:00] installer.INFO: Matched route "{route}". {"route":"api_installer_migration","route_parameters":{"_controller":"OrangeHRM\\Installer\\Controller\\Installer\\Api\\MigrationAPI::handle","_route":"api_installer_migration"},"request_uri":"http://localhost/orangehrm-5.7/installer/index.php/installer/api/installation/migration","method":"POST"} []
[2025-03-07T19:36:20.947552+01:00] installer.INFO: {"version":"4.7"} [] []
[2025-03-07T19:36:20.990489+01:00] installer.INFO: Instance details: {"os":{"os":"Windows NT","release_name":"10.0","version_info":"build 26100 (Windows 11)"},"php":{"version":"8.2.12"},"mysql":{"client_version":"mysqlnd 8.2.12","server_version":"10.4.32-MariaDB","conn_type":"localhost via TCP\/IP"},"server":"Apache\/2.4.58 (Win64) OpenSSL\/3.1.3 PHP\/8.2.12","ohrm":{"version":"5.7"}} [] []
[2025-03-07T19:36:20.999273+01:00] installer.INFO: set_time_limit: success [] []
[2025-03-07T19:36:21.125886+01:00] installer.INFO: Matched route "{route}". {"route":"api_installer_migration","route_parameters":{"_controller":"OrangeHRM\\Installer\\Controller\\Installer\\Api\\MigrationAPI::handle","_route":"api_installer_migration"},"request_uri":"http://localhost/orangehrm-5.7/installer/index.php/installer/api/installation/migration","method":"POST"} []
[2025-03-07T19:36:21.131400+01:00] installer.INFO: {"version":"4.8"} [] []
[2025-03-07T19:36:21.180170+01:00] installer.INFO: Instance details: {"os":{"os":"Windows NT","release_name":"10.0","version_info":"build 26100 (Windows 11)"},"php":{"version":"8.2.12"},"mysql":{"client_version":"mysqlnd 8.2.12","server_version":"10.4.32-MariaDB","conn_type":"localhost via TCP\/IP"},"server":"Apache\/2.4.58 (Win64) OpenSSL\/3.1.3 PHP\/8.2.12","ohrm":{"version":"5.7"}} [] []
[2025-03-07T19:36:21.188160+01:00] installer.INFO: set_time_limit: success [] []
[2025-03-07T19:36:21.304380+01:00] installer.INFO: Matched route "{route}". {"route":"api_installer_migration","route_parameters":{"_controller":"OrangeHRM\\Installer\\Controller\\Installer\\Api\\MigrationAPI::handle","_route":"api_installer_migration"},"request_uri":"http://localhost/orangehrm-5.7/installer/index.php/installer/api/installation/migration","method":"POST"} []
[2025-03-07T19:36:21.311334+01:00] installer.INFO: {"version":"4.9"} [] []
[2025-03-07T19:36:21.336231+01:00] installer.INFO: Instance details: {"os":{"os":"Windows NT","release_name":"10.0","version_info":"build 26100 (Windows 11)"},"php":{"version":"8.2.12"},"mysql":{"client_version":"mysqlnd 8.2.12","server_version":"10.4.32-MariaDB","conn_type":"localhost via TCP\/IP"},"server":"Apache\/2.4.58 (Win64) OpenSSL\/3.1.3 PHP\/8.2.12","ohrm":{"version":"5.7"}} [] []
[2025-03-07T19:36:21.345329+01:00] installer.INFO: set_time_limit: success [] []
[2025-03-07T19:36:21.516531+01:00] installer.INFO: Matched route "{route}". {"route":"api_installer_migration","route_parameters":{"_controller":"OrangeHRM\\Installer\\Controller\\Installer\\Api\\MigrationAPI::handle","_route":"api_installer_migration"},"request_uri":"http://localhost/orangehrm-5.7/installer/index.php/installer/api/installation/migration","method":"POST"} []
[2025-03-07T19:36:21.521842+01:00] installer.INFO: {"version":"4.10"} [] []
[2025-03-07T19:36:21.540500+01:00] installer.INFO: Instance details: {"os":{"os":"Windows NT","release_name":"10.0","version_info":"build 26100 (Windows 11)"},"php":{"version":"8.2.12"},"mysql":{"client_version":"mysqlnd 8.2.12","server_version":"10.4.32-MariaDB","conn_type":"localhost via TCP\/IP"},"server":"Apache\/2.4.58 (Win64) OpenSSL\/3.1.3 PHP\/8.2.12","ohrm":{"version":"5.7"}} [] []
[2025-03-07T19:36:21.547739+01:00] installer.INFO: set_time_limit: success [] []
[2025-03-07T19:36:21.658831+01:00] installer.INFO: Matched route "{route}". {"route":"api_installer_migration","route_parameters":{"_controller":"OrangeHRM\\Installer\\Controller\\Installer\\Api\\MigrationAPI::handle","_route":"api_installer_migration"},"request_uri":"http://localhost/orangehrm-5.7/installer/index.php/installer/api/installation/migration","method":"POST"} []
[2025-03-07T19:36:21.664495+01:00] installer.INFO: {"version":"4.10.1"} [] []
[2025-03-07T19:36:21.684154+01:00] installer.INFO: Instance details: {"os":{"os":"Windows NT","release_name":"10.0","version_info":"build 26100 (Windows 11)"},"php":{"version":"8.2.12"},"mysql":{"client_version":"mysqlnd 8.2.12","server_version":"10.4.32-MariaDB","conn_type":"localhost via TCP\/IP"},"server":"Apache\/2.4.58 (Win64) OpenSSL\/3.1.3 PHP\/8.2.12","ohrm":{"version":"5.7"}} [] []
[2025-03-07T19:36:21.691931+01:00] installer.INFO: set_time_limit: success [] []
[2025-03-07T19:36:21.794040+01:00] installer.INFO: Matched route "{route}". {"route":"api_installer_migration","route_parameters":{"_controller":"OrangeHRM\\Installer\\Controller\\Installer\\Api\\MigrationAPI::handle","_route":"api_installer_migration"},"request_uri":"http://localhost/orangehrm-5.7/installer/index.php/installer/api/installation/migration","method":"POST"} []
[2025-03-07T19:36:21.799284+01:00] installer.INFO: {"version":"5.0"} [] []
[2025-03-07T19:36:21.840724+01:00] installer.INFO: Instance details: {"os":{"os":"Windows NT","release_name":"10.0","version_info":"build 26100 (Windows 11)"},"php":{"version":"8.2.12"},"mysql":{"client_version":"mysqlnd 8.2.12","server_version":"10.4.32-MariaDB","conn_type":"localhost via TCP\/IP"},"server":"Apache\/2.4.58 (Win64) OpenSSL\/3.1.3 PHP\/8.2.12","ohrm":{"version":"5.7"}} [] []
[2025-03-07T19:36:21.848276+01:00] installer.INFO: set_time_limit: success [] []
[2025-03-07T19:36:22.631155+01:00] installer.INFO: set_time_limit: success [] []
[2025-03-07T19:36:45.918324+01:00] installer.INFO: Matched route "{route}". {"route":"api_installer_migration","route_parameters":{"_controller":"OrangeHRM\\Installer\\Controller\\Installer\\Api\\MigrationAPI::handle","_route":"api_installer_migration"},"request_uri":"http://localhost/orangehrm-5.7/installer/index.php/installer/api/installation/migration","method":"POST"} []
[2025-03-07T19:36:45.923736+01:00] installer.INFO: {"version":"5.1"} [] []
[2025-03-07T19:36:45.959150+01:00] installer.INFO: Instance details: {"os":{"os":"Windows NT","release_name":"10.0","version_info":"build 26100 (Windows 11)"},"php":{"version":"8.2.12"},"mysql":{"client_version":"mysqlnd 8.2.12","server_version":"10.4.32-MariaDB","conn_type":"localhost via TCP\/IP"},"server":"Apache\/2.4.58 (Win64) OpenSSL\/3.1.3 PHP\/8.2.12","ohrm":{"version":"5.7"}} [] []
[2025-03-07T19:36:45.972275+01:00] installer.INFO: set_time_limit: success [] []
[2025-03-07T19:36:51.967659+01:00] installer.INFO: Matched route "{route}". {"route":"api_installer_migration","route_parameters":{"_controller":"OrangeHRM\\Installer\\Controller\\Installer\\Api\\MigrationAPI::handle","_route":"api_installer_migration"},"request_uri":"http://localhost/orangehrm-5.7/installer/index.php/installer/api/installation/migration","method":"POST"} []
[2025-03-07T19:36:51.972901+01:00] installer.INFO: {"version":"5.2"} [] []
[2025-03-07T19:36:52.002627+01:00] installer.INFO: Instance details: {"os":{"os":"Windows NT","release_name":"10.0","version_info":"build 26100 (Windows 11)"},"php":{"version":"8.2.12"},"mysql":{"client_version":"mysqlnd 8.2.12","server_version":"10.4.32-MariaDB","conn_type":"localhost via TCP\/IP"},"server":"Apache\/2.4.58 (Win64) OpenSSL\/3.1.3 PHP\/8.2.12","ohrm":{"version":"5.7"}} [] []
[2025-03-07T19:36:52.022948+01:00] installer.INFO: set_time_limit: success [] []
[2025-03-07T19:36:55.452259+01:00] installer.INFO: Deleting invalid config values [] []
[2025-03-07T19:36:55.482872+01:00] installer.INFO: Deleting: `https://opensourcehelp.orangehrm.com` => `` from `hs_hr_config` [] []
[2025-03-07T19:36:55.513870+01:00] installer.INFO: Deleting: `ZendeskHelpProcessor` => `` from `hs_hr_config` [] []
[2025-03-07T19:36:55.514196+01:00] installer.INFO: Deleting legacy config values [] []
[2025-03-07T19:36:55.552434+01:00] installer.INFO: Deleting: `ldap_domain_name` => `` from `hs_hr_config` [] []
[2025-03-07T19:36:55.592338+01:00] installer.INFO: Deleting: `ldap_port` => `` from `hs_hr_config` [] []
[2025-03-07T19:36:55.630439+01:00] installer.INFO: Deleting: `ldap_server` => `` from `hs_hr_config` [] []
[2025-03-07T19:36:55.730109+01:00] installer.INFO: Deleting: `ldap_status` => `` from `hs_hr_config` [] []
[2025-03-07T19:36:55.791890+01:00] installer.INFO: Deleting: `beacon.activation_acceptance_status` => `off` from `hs_hr_config` [] []
[2025-03-07T19:36:55.821398+01:00] installer.INFO: Deleting: `beacon.activiation_status` => `off` from `hs_hr_config` [] []
[2025-03-07T19:36:55.851522+01:00] installer.INFO: Deleting: `beacon.company_name` => `` from `hs_hr_config` [] []
[2025-03-07T19:36:55.885899+01:00] installer.INFO: Deleting: `beacon.flash_period` => `120` from `hs_hr_config` [] []
[2025-03-07T19:36:55.955204+01:00] installer.INFO: Deleting: `beacon.lock` => `unlocked` from `hs_hr_config` [] []
[2025-03-07T19:36:55.983895+01:00] installer.INFO: Deleting: `beacon.next_flash_time` => `0000-00-00` from `hs_hr_config` [] []
[2025-03-07T19:36:56.033501+01:00] installer.INFO: Deleting: `beacon.uuid` => `0` from `hs_hr_config` [] []
[2025-03-07T19:36:56.061273+01:00] installer.INFO: Deleting: `showSIN` => `0` from `hs_hr_config` [] []
[2025-03-07T19:36:56.087758+01:00] installer.INFO: Deleting: `showSSN` => `0` from `hs_hr_config` [] []
[2025-03-07T19:36:56.113223+01:00] installer.INFO: Deleting: `showTaxExemptions` => `0` from `hs_hr_config` [] []
[2025-03-07T19:36:56.140311+01:00] installer.INFO: Deleting: `report.mysql_group_concat_max_len` => `2048` from `hs_hr_config` [] []
[2025-03-07T19:36:56.166334+01:00] installer.INFO: Deleting: `attendanceEmpEditSubmitted` => `No` from `hs_hr_config` [] []
[2025-03-07T19:36:56.193172+01:00] installer.INFO: Deleting: `attendanceSupEditSubmitted` => `No` from `hs_hr_config` [] []
[2025-03-07T19:36:56.221102+01:00] installer.INFO: Deleting: `hsp_accrued_last_updated` => `0000-00-00` from `hs_hr_config` [] []
[2025-03-07T19:36:56.246683+01:00] installer.INFO: Deleting: `hsp_current_plan` => `0` from `hs_hr_config` [] []
[2025-03-07T19:36:56.304159+01:00] installer.INFO: Deleting: `hsp_used_last_updated` => `0000-00-00` from `hs_hr_config` [] []
[2025-03-07T19:36:56.400498+01:00] installer.INFO: Matched route "{route}". {"route":"api_installer_migration","route_parameters":{"_controller":"OrangeHRM\\Installer\\Controller\\Installer\\Api\\MigrationAPI::handle","_route":"api_installer_migration"},"request_uri":"http://localhost/orangehrm-5.7/installer/index.php/installer/api/installation/migration","method":"POST"} []
[2025-03-07T19:36:56.405836+01:00] installer.INFO: {"version":"5.3"} [] []
[2025-03-07T19:36:56.424671+01:00] installer.INFO: Instance details: {"os":{"os":"Windows NT","release_name":"10.0","version_info":"build 26100 (Windows 11)"},"php":{"version":"8.2.12"},"mysql":{"client_version":"mysqlnd 8.2.12","server_version":"10.4.32-MariaDB","conn_type":"localhost via TCP\/IP"},"server":"Apache\/2.4.58 (Win64) OpenSSL\/3.1.3 PHP\/8.2.12","ohrm":{"version":"5.7"}} [] []
[2025-03-07T19:36:56.434367+01:00] installer.INFO: set_time_limit: success [] []
[2025-03-07T19:36:58.050363+01:00] installer.INFO: Server timezone: Europe/Berlin [] []
[2025-03-07T19:36:58.051229+01:00] installer.INFO: `ohrm_buzz_comment` record count: 0 [] []
[2025-03-07T19:36:58.051891+01:00] installer.INFO: `ohrm_buzz_like_on_comment` record count: 0 [] []
[2025-03-07T19:36:58.052495+01:00] installer.INFO: `ohrm_buzz_like_on_share` record count: 0 [] []
[2025-03-07T19:36:58.053127+01:00] installer.INFO: `ohrm_buzz_post` record count: 0 [] []
[2025-03-07T19:36:58.053743+01:00] installer.INFO: `ohrm_buzz_share` record count: 0 [] []
[2025-03-07T19:36:58.305920+01:00] installer.INFO: `ohrm_buzz_link` record count: 0 [] []
[2025-03-07T19:36:58.306315+01:00] installer.INFO: Deleting legacy Buzz config values [] []
[2025-03-07T19:36:58.330675+01:00] installer.INFO: Deleting: `buzz_comment_text_lenth` => `250` from `hs_hr_config` [] []
[2025-03-07T19:36:58.359379+01:00] installer.INFO: Deleting: `buzz_cookie_valid_time` => `5000` from `hs_hr_config` [] []
[2025-03-07T19:36:58.384829+01:00] installer.INFO: Deleting: `buzz_image_max_dimension` => `1024` from `hs_hr_config` [] []
[2025-03-07T19:36:58.412024+01:00] installer.INFO: Deleting: `buzz_initial_comments` => `2` from `hs_hr_config` [] []
[2025-03-07T19:36:58.438078+01:00] installer.INFO: Deleting: `buzz_like_count` => `5` from `hs_hr_config` [] []
[2025-03-07T19:36:58.503688+01:00] installer.INFO: Deleting: `buzz_max_notification_period` => `-1 week` from `hs_hr_config` [] []
[2025-03-07T19:36:58.530707+01:00] installer.INFO: Deleting: `buzz_most_like_posts` => `5` from `hs_hr_config` [] []
[2025-03-07T19:36:58.557768+01:00] installer.INFO: Deleting: `buzz_most_like_shares` => `5` from `hs_hr_config` [] []
[2025-03-07T19:36:58.583758+01:00] installer.INFO: Deleting: `buzz_post_text_lenth` => `500` from `hs_hr_config` [] []
[2025-03-07T19:36:58.608972+01:00] installer.INFO: Deleting: `buzz_post_text_lines` => `5` from `hs_hr_config` [] []
[2025-03-07T19:36:58.635405+01:00] installer.INFO: Deleting: `buzz_refresh_time` => `60000` from `hs_hr_config` [] []
[2025-03-07T19:36:58.661335+01:00] installer.INFO: Deleting: `buzz_share_count` => `10` from `hs_hr_config` [] []
[2025-03-07T19:36:58.687759+01:00] installer.INFO: Deleting: `buzz_time_format` => `h:i a` from `hs_hr_config` [] []
[2025-03-07T19:36:58.712853+01:00] installer.INFO: Deleting: `buzz_viewmore_comment` => `5` from `hs_hr_config` [] []
[2025-03-07T19:36:58.845909+01:00] installer.INFO: Matched route "{route}". {"route":"api_installer_migration","route_parameters":{"_controller":"OrangeHRM\\Installer\\Controller\\Installer\\Api\\MigrationAPI::handle","_route":"api_installer_migration"},"request_uri":"http://localhost/orangehrm-5.7/installer/index.php/installer/api/installation/migration","method":"POST"} []
[2025-03-07T19:36:58.851493+01:00] installer.INFO: {"version":"5.4"} [] []
[2025-03-07T19:36:58.892986+01:00] installer.INFO: Instance details: {"os":{"os":"Windows NT","release_name":"10.0","version_info":"build 26100 (Windows 11)"},"php":{"version":"8.2.12"},"mysql":{"client_version":"mysqlnd 8.2.12","server_version":"10.4.32-MariaDB","conn_type":"localhost via TCP\/IP"},"server":"Apache\/2.4.58 (Win64) OpenSSL\/3.1.3 PHP\/8.2.12","ohrm":{"version":"5.7"}} [] []
[2025-03-07T19:36:58.904647+01:00] installer.INFO: set_time_limit: success [] []
[2025-03-07T19:36:59.584651+01:00] installer.INFO: Deleting: `authentication.default_required_password_strength` => `strong` from `hs_hr_config` [] []
[2025-03-07T19:36:59.663968+01:00] installer.INFO: Deleting: `authentication.enforce_password_strength` => `on` from `hs_hr_config` [] []
[2025-03-07T19:37:00.363621+01:00] installer.INFO: Matched route "{route}". {"route":"api_installer_migration","route_parameters":{"_controller":"OrangeHRM\\Installer\\Controller\\Installer\\Api\\MigrationAPI::handle","_route":"api_installer_migration"},"request_uri":"http://localhost/orangehrm-5.7/installer/index.php/installer/api/installation/migration","method":"POST"} []
[2025-03-07T19:37:00.368884+01:00] installer.INFO: {"version":"5.5"} [] []
[2025-03-07T19:37:00.392243+01:00] installer.INFO: Instance details: {"os":{"os":"Windows NT","release_name":"10.0","version_info":"build 26100 (Windows 11)"},"php":{"version":"8.2.12"},"mysql":{"client_version":"mysqlnd 8.2.12","server_version":"10.4.32-MariaDB","conn_type":"localhost via TCP\/IP"},"server":"Apache\/2.4.58 (Win64) OpenSSL\/3.1.3 PHP\/8.2.12","ohrm":{"version":"5.7"}} [] []
[2025-03-07T19:37:00.405826+01:00] installer.INFO: set_time_limit: success [] []
[2025-03-07T19:37:02.296002+01:00] installer.INFO: Matched route "{route}". {"route":"api_installer_migration","route_parameters":{"_controller":"OrangeHRM\\Installer\\Controller\\Installer\\Api\\MigrationAPI::handle","_route":"api_installer_migration"},"request_uri":"http://localhost/orangehrm-5.7/installer/index.php/installer/api/installation/migration","method":"POST"} []
[2025-03-07T19:37:02.301477+01:00] installer.INFO: {"version":"5.6"} [] []
[2025-03-07T19:37:02.325865+01:00] installer.INFO: Instance details: {"os":{"os":"Windows NT","release_name":"10.0","version_info":"build 26100 (Windows 11)"},"php":{"version":"8.2.12"},"mysql":{"client_version":"mysqlnd 8.2.12","server_version":"10.4.32-MariaDB","conn_type":"localhost via TCP\/IP"},"server":"Apache\/2.4.58 (Win64) OpenSSL\/3.1.3 PHP\/8.2.12","ohrm":{"version":"5.7"}} [] []
[2025-03-07T19:37:02.337098+01:00] installer.INFO: set_time_limit: success [] []
[2025-03-07T19:37:03.049974+01:00] installer.INFO: Matched route "{route}". {"route":"api_installer_migration","route_parameters":{"_controller":"OrangeHRM\\Installer\\Controller\\Installer\\Api\\MigrationAPI::handle","_route":"api_installer_migration"},"request_uri":"http://localhost/orangehrm-5.7/installer/index.php/installer/api/installation/migration","method":"POST"} []
[2025-03-07T19:37:03.055875+01:00] installer.INFO: {"version":"5.6.1"} [] []
[2025-03-07T19:37:03.115144+01:00] installer.INFO: Instance details: {"os":{"os":"Windows NT","release_name":"10.0","version_info":"build 26100 (Windows 11)"},"php":{"version":"8.2.12"},"mysql":{"client_version":"mysqlnd 8.2.12","server_version":"10.4.32-MariaDB","conn_type":"localhost via TCP\/IP"},"server":"Apache\/2.4.58 (Win64) OpenSSL\/3.1.3 PHP\/8.2.12","ohrm":{"version":"5.7"}} [] []
[2025-03-07T19:37:03.133895+01:00] installer.INFO: set_time_limit: success [] []
[2025-03-07T19:37:03.272939+01:00] installer.INFO: Matched route "{route}". {"route":"api_installer_migration","route_parameters":{"_controller":"OrangeHRM\\Installer\\Controller\\Installer\\Api\\MigrationAPI::handle","_route":"api_installer_migration"},"request_uri":"http://localhost/orangehrm-5.7/installer/index.php/installer/api/installation/migration","method":"POST"} []
[2025-03-07T19:37:03.278332+01:00] installer.INFO: {"version":"5.7"} [] []
[2025-03-07T19:37:03.317463+01:00] installer.INFO: Instance details: {"os":{"os":"Windows NT","release_name":"10.0","version_info":"build 26100 (Windows 11)"},"php":{"version":"8.2.12"},"mysql":{"client_version":"mysqlnd 8.2.12","server_version":"10.4.32-MariaDB","conn_type":"localhost via TCP\/IP"},"server":"Apache\/2.4.58 (Win64) OpenSSL\/3.1.3 PHP\/8.2.12","ohrm":{"version":"5.7"}} [] []
[2025-03-07T19:37:03.339175+01:00] installer.INFO: set_time_limit: success [] []
[2025-03-07T19:37:04.839344+01:00] installer.INFO: Matched route "{route}". {"route":"api_installer_instance_creation","route_parameters":{"_controller":"OrangeHRM\\Installer\\Controller\\Installer\\Api\\InstallationInstanceAPI::handle","_route":"api_installer_instance_creation"},"request_uri":"http://localhost/orangehrm-5.7/installer/index.php/installer/api/installation/instance","method":"POST"} []
[2025-03-07T19:37:04.876450+01:00] installer.INFO: Instance details: {"os":{"os":"Windows NT","release_name":"10.0","version_info":"build 26100 (Windows 11)"},"php":{"version":"8.2.12"},"mysql":{"client_version":"mysqlnd 8.2.12","server_version":"10.4.32-MariaDB","conn_type":"localhost via TCP\/IP"},"server":"Apache\/2.4.58 (Win64) OpenSSL\/3.1.3 PHP\/8.2.12","ohrm":{"version":"5.7"}} [] []
[2025-03-07T19:37:05.317208+01:00] installer.INFO: Matched route "{route}". {"route":"api_installer_database_user","route_parameters":{"_controller":"OrangeHRM\\Installer\\Controller\\Installer\\Api\\InstallationDatabaseUserAPI::handle","_route":"api_installer_database_user"},"request_uri":"http://localhost/orangehrm-5.7/installer/index.php/installer/api/installation/database-user","method":"POST"} []
[2025-03-07T19:37:05.385863+01:00] installer.INFO: Matched route "{route}". {"route":"api_installer_write_config","route_parameters":{"_controller":"OrangeHRM\\Installer\\Controller\\Installer\\Api\\ConfigFileAPI::handle","_route":"api_installer_write_config"},"request_uri":"http://localhost/orangehrm-5.7/installer/index.php/installer/api/installation/config-file","method":"POST"} []
[2025-03-07T19:37:05.431427+01:00] installer.INFO: Instance details: {"os":{"os":"Windows NT","release_name":"10.0","version_info":"build 26100 (Windows 11)"},"php":{"version":"8.2.12"},"mysql":{"client_version":"mysqlnd 8.2.12","server_version":"10.4.32-MariaDB","conn_type":"localhost via TCP\/IP"},"server":"Apache\/2.4.58 (Win64) OpenSSL\/3.1.3 PHP\/8.2.12","ohrm":{"version":"5.7"}} [] []
[2025-03-07T20:38:47.411927+01:00] installer.INFO: Matched route "{route}". {"route":"installer_complete","route_parameters":{"_controller":"OrangeHRM\\Installer\\Controller\\Installer\\InstallerCompleteController::handle","_route":"installer_complete"},"request_uri":"http://localhost/orangehrm-5.7/installer/index.php/installer/complete","method":"GET"} []
[2025-03-07T20:38:47.490384+01:00] installer.INFO: OrangeHRM 5.7 status: true [] []
[2025-03-07T20:38:49.113632+01:00] installer.INFO: Matched route "{route}". {"route":"installer_home","route_parameters":{"_controller":"OrangeHRM\\Installer\\Controller\\HomeController::handle","_route":"installer_home"},"request_uri":"http://localhost/orangehrm-5.7/installer/index.php/","method":"GET"} []
