[19-Mar-2025 03:20:35 Europe/Berlin] PHP Fatal error:  Uncaught PDOException: SQLSTATE[HY000]: General error: 2006 MySQL server has gone away in C:\xampp\htdocs\orangehrm-mod\src\vendor\doctrine\dbal\src\Driver\PDO\Statement.php:130
Stack trace:
#0 C:\xampp\htdocs\orangehrm-mod\src\vendor\doctrine\dbal\src\Driver\PDO\Statement.php(130): PDOStatement->execute(NULL)
#1 C:\xampp\htdocs\orangehrm-mod\src\vendor\doctrine\dbal\src\Connection.php(1099): Doctrine\DBAL\Driver\PDO\Statement->execute()
#2 C:\xampp\htdocs\orangehrm-mod\src\vendor\doctrine\orm\src\Persisters\Entity\BasicEntityPersister.php(774): Doctrine\DBAL\Connection->executeQuery('SELECT t0.name ...', Array, Array)
#3 C:\xampp\htdocs\orangehrm-mod\src\vendor\doctrine\orm\src\Persisters\Entity\BasicEntityPersister.php(792): Doctrine\ORM\Persisters\Entity\BasicEntityPersister->load(Array, NULL)
#4 C:\xampp\htdocs\orangehrm-mod\src\vendor\doctrine\orm\src\EntityManager.php(521): Doctrine\ORM\Persisters\Entity\BasicEntityPersister->loadById(Array)
#5 C:\xampp\htdocs\orangehrm-mod\src\vendor\doctrine\orm\src\EntityRepository.php(197): Doctrine\ORM\EntityManager->find('OrangeHRM\\Entit...', Array, NULL, NULL)
#6 C:\xampp\htdocs\orangehrm-mod\src\plugins\orangehrmCorePlugin\Dao\ConfigDao.php(53): Doctrine\ORM\EntityRepository->find('instance.identi...')
#7 C:\xampp\htdocs\orangehrm-mod\src\plugins\orangehrmCorePlugin\Service\ConfigService.php(152): OrangeHRM\Core\Dao\ConfigDao->getValue('instance.identi...')
#8 C:\xampp\htdocs\orangehrm-mod\src\plugins\orangehrmCorePlugin\Service\ConfigService.php(430): OrangeHRM\Core\Service\ConfigService->_getConfigValue('instance.identi...')
#9 C:\xampp\htdocs\orangehrm-mod\src\plugins\orangehrmCorePlugin\config\CorePluginConfiguration.php(109): OrangeHRM\Core\Service\ConfigService->getInstanceIdentifier()
#10 C:\xampp\htdocs\orangehrm-mod\src\plugins\orangehrmCorePlugin\config\CorePluginConfiguration.php(91): CorePluginConfiguration->registerCoreSubscribers()
#11 C:\xampp\htdocs\orangehrm-mod\src\lib\framework\Framework.php(137): CorePluginConfiguration->initialize(Object(OrangeHRM\Framework\Http\Request))
#12 C:\xampp\htdocs\orangehrm-mod\src\lib\framework\Framework.php(154): OrangeHRM\Framework\Framework->configurePlugins(Object(OrangeHRM\Framework\Http\Request))
#13 C:\xampp\htdocs\orangehrm-mod\web\index.php(41): OrangeHRM\Framework\Framework->handleRequest(Object(OrangeHRM\Framework\Http\Request))
#14 {main}

Next Doctrine\DBAL\Driver\PDO\Exception: SQLSTATE[HY000]: General error: 2006 MySQL server has gone away in C:\xampp\htdocs\orangehrm-mod\src\vendor\doctrine\dbal\src\Driver\PDO\Exception.php:28
Stack trace:
#0 C:\xampp\htdocs\orangehrm-mod\src\vendor\doctrine\dbal\src\Driver\PDO\Statement.php(132): Doctrine\DBAL\Driver\PDO\Exception::new(Object(PDOException))
#1 C:\xampp\htdocs\orangehrm-mod\src\vendor\doctrine\dbal\src\Connection.php(1099): Doctrine\DBAL\Driver\PDO\Statement->execute()
#2 C:\xampp\htdocs\orangehrm-mod\src\vendor\doctrine\orm\src\Persisters\Entity\BasicEntityPersister.php(774): Doctrine\DBAL\Connection->executeQuery('SELECT t0.name ...', Array, Array)
#3 C:\xampp\htdocs\orangehrm-mod\src\vendor\doctrine\orm\src\Persisters\Entity\BasicEntityPersister.php(792): Doctrine\ORM\Persisters\Entity\BasicEntityPersister->load(Array, NULL)
#4 C:\xampp\htdocs\orangehrm-mod\src\vendor\doctrine\orm\src\EntityManager.php(521): Doctrine\ORM\Persisters\Entity\BasicEntityPersister->loadById(Array)
#5 C:\xampp\htdocs\orangehrm-mod\src\vendor\doctrine\orm\src\EntityRepository.php(197): Doctrine\ORM\EntityManager->find('OrangeHRM\\Entit...', Array, NULL, NULL)
#6 C:\xampp\htdocs\orangehrm-mod\src\plugins\orangehrmCorePlugin\Dao\ConfigDao.php(53): Doctrine\ORM\EntityRepository->find('instance.identi...')
#7 C:\xampp\htdocs\orangehrm-mod\src\plugins\orangehrmCorePlugin\Service\ConfigService.php(152): OrangeHRM\Core\Dao\ConfigDao->getValue('instance.identi...')
#8 C:\xampp\htdocs\orangehrm-mod\src\plugins\orangehrmCorePlugin\Service\ConfigService.php(430): OrangeHRM\Core\Service\ConfigService->_getConfigValue('instance.identi...')
#9 C:\xampp\htdocs\orangehrm-mod\src\plugins\orangehrmCorePlugin\config\CorePluginConfiguration.php(109): OrangeHRM\Core\Service\ConfigService->getInstanceIdentifier()
#10 C:\xampp\htdocs\orangehrm-mod\src\plugins\orangehrmCorePlugin\config\CorePluginConfiguration.php(91): CorePluginConfiguration->registerCoreSubscribers()
#11 C:\xampp\htdocs\orangehrm-mod\src\lib\framework\Framework.php(137): CorePluginConfiguration->initialize(Object(OrangeHRM\Framework\Http\Request))
#12 C:\xampp\htdocs\orangehrm-mod\src\lib\framework\Framework.php(154): OrangeHRM\Framework\Framework->configurePlugins(Object(OrangeHRM\Framework\Http\Request))
#13 C:\xampp\htdocs\orangehrm-mod\web\index.php(41): OrangeHRM\Framework\Framework->handleRequest(Object(OrangeHRM\Framework\Http\Request))
#14 {main}

Next Doctrine\DBAL\Exception\ConnectionLost: An exception occurred while executing a query: SQLSTATE[HY000]: General error: 2006 MySQL server has gone away in C:\xampp\htdocs\orangehrm-mod\src\vendor\doctrine\dbal\src\Driver\API\MySQL\ExceptionConverter.php:104
Stack trace:
#0 C:\xampp\htdocs\orangehrm-mod\src\vendor\doctrine\dbal\src\Connection.php(1943): Doctrine\DBAL\Driver\API\MySQL\ExceptionConverter->convert(Object(Doctrine\DBAL\Driver\PDO\Exception), Object(Doctrine\DBAL\Query))
#1 C:\xampp\htdocs\orangehrm-mod\src\vendor\doctrine\dbal\src\Connection.php(1885): Doctrine\DBAL\Connection->handleDriverException(Object(Doctrine\DBAL\Driver\PDO\Exception), Object(Doctrine\DBAL\Query))
#2 C:\xampp\htdocs\orangehrm-mod\src\vendor\doctrine\dbal\src\Connection.php(1106): Doctrine\DBAL\Connection->convertExceptionDuringQuery(Object(Doctrine\DBAL\Driver\PDO\Exception), 'SELECT t0.name ...', Array, Array)
#3 C:\xampp\htdocs\orangehrm-mod\src\vendor\doctrine\orm\src\Persisters\Entity\BasicEntityPersister.php(774): Doctrine\DBAL\Connection->executeQuery('SELECT t0.name ...', Array, Array)
#4 C:\xampp\htdocs\orangehrm-mod\src\vendor\doctrine\orm\src\Persisters\Entity\BasicEntityPersister.php(792): Doctrine\ORM\Persisters\Entity\BasicEntityPersister->load(Array, NULL)
#5 C:\xampp\htdocs\orangehrm-mod\src\vendor\doctrine\orm\src\EntityManager.php(521): Doctrine\ORM\Persisters\Entity\BasicEntityPersister->loadById(Array)
#6 C:\xampp\htdocs\orangehrm-mod\src\vendor\doctrine\orm\src\EntityRepository.php(197): Doctrine\ORM\EntityManager->find('OrangeHRM\\Entit...', Array, NULL, NULL)
#7 C:\xampp\htdocs\orangehrm-mod\src\plugins\orangehrmCorePlugin\Dao\ConfigDao.php(53): Doctrine\ORM\EntityRepository->find('instance.identi...')
#8 C:\xampp\htdocs\orangehrm-mod\src\plugins\orangehrmCorePlugin\Service\ConfigService.php(152): OrangeHRM\Core\Dao\ConfigDao->getValue('instance.identi...')
#9 C:\xampp\htdocs\orangehrm-mod\src\plugins\orangehrmCorePlugin\Service\ConfigService.php(430): OrangeHRM\Core\Service\ConfigService->_getConfigValue('instance.identi...')
#10 C:\xampp\htdocs\orangehrm-mod\src\plugins\orangehrmCorePlugin\config\CorePluginConfiguration.php(109): OrangeHRM\Core\Service\ConfigService->getInstanceIdentifier()
#11 C:\xampp\htdocs\orangehrm-mod\src\plugins\orangehrmCorePlugin\config\CorePluginConfiguration.php(91): CorePluginConfiguration->registerCoreSubscribers()
#12 C:\xampp\htdocs\orangehrm-mod\src\lib\framework\Framework.php(137): CorePluginConfiguration->initialize(Object(OrangeHRM\Framework\Http\Request))
#13 C:\xampp\htdocs\orangehrm-mod\src\lib\framework\Framework.php(154): OrangeHRM\Framework\Framework->configurePlugins(Object(OrangeHRM\Framework\Http\Request))
#14 C:\xampp\htdocs\orangehrm-mod\web\index.php(41): OrangeHRM\Framework\Framework->handleRequest(Object(OrangeHRM\Framework\Http\Request))
#15 {main}
  thrown in C:\xampp\htdocs\orangehrm-mod\src\vendor\doctrine\dbal\src\Driver\API\MySQL\ExceptionConverter.php on line 104
[16-Apr-2025 18:40:42 Europe/Berlin] PHP Fatal error:  Uncaught TypeError: OrangeHRM\Pim\Service\EmployeePictureService::getEmpPictureETagByEmpNumber(): Argument #1 ($empNumber) must be of type int, string given, called in C:\xampp\htdocs\orangehrm-mod\src\plugins\orangehrmPimPlugin\Controller\File\EmployeePictureController.php on line 56 and defined in C:\xampp\htdocs\orangehrm-mod\src\plugins\orangehrmPimPlugin\Service\EmployeePictureService.php:125
Stack trace:
#0 C:\xampp\htdocs\orangehrm-mod\src\plugins\orangehrmPimPlugin\Controller\File\EmployeePictureController.php(56): OrangeHRM\Pim\Service\EmployeePictureService->getEmpPictureETagByEmpNumber('null')
#1 C:\xampp\htdocs\orangehrm-mod\src\vendor\symfony\http-kernel\HttpKernel.php(163): OrangeHRM\Pim\Controller\File\EmployeePictureController->handle(Object(OrangeHRM\Framework\Http\Request))
#2 C:\xampp\htdocs\orangehrm-mod\src\vendor\symfony\http-kernel\HttpKernel.php(75): Symfony\Component\HttpKernel\HttpKernel->handleRaw(Object(OrangeHRM\Framework\Http\Request), 1)
#3 C:\xampp\htdocs\orangehrm-mod\src\lib\framework\Framework.php(156): Symfony\Component\HttpKernel\HttpKernel->handle(Object(OrangeHRM\Framework\Http\Request), 1, true)
#4 C:\xampp\htdocs\orangehrm-mod\web\index.php(41): OrangeHRM\Framework\Framework->handleRequest(Object(OrangeHRM\Framework\Http\Request))
#5 {main}
  thrown in C:\xampp\htdocs\orangehrm-mod\src\plugins\orangehrmPimPlugin\Service\EmployeePictureService.php on line 125
[17-Apr-2025 18:03:37 Europe/Berlin] PHP Fatal error:  Uncaught PDOException: SQLSTATE[HY000] [2002] No connection could be made because the target machine actively refused it in C:\xampp\htdocs\orangehrm-mod\src\vendor\doctrine\dbal\src\Driver\PDO\MySQL\Driver.php:33
Stack trace:
#0 C:\xampp\htdocs\orangehrm-mod\src\vendor\doctrine\dbal\src\Driver\PDO\MySQL\Driver.php(33): PDO->__construct('mysql:host=loca...', 'root', Object(SensitiveParameterValue), Array)
#1 C:\xampp\htdocs\orangehrm-mod\src\vendor\doctrine\dbal\src\Connection.php(378): Doctrine\DBAL\Driver\PDO\MySQL\Driver->connect(Object(SensitiveParameterValue))
#2 C:\xampp\htdocs\orangehrm-mod\src\vendor\doctrine\dbal\src\Connection.php(453): Doctrine\DBAL\Connection->connect()
#3 C:\xampp\htdocs\orangehrm-mod\src\vendor\doctrine\dbal\src\Connection.php(411): Doctrine\DBAL\Connection->getDatabasePlatformVersion()
#4 C:\xampp\htdocs\orangehrm-mod\src\vendor\doctrine\dbal\src\Connection.php(318): Doctrine\DBAL\Connection->detectDatabasePlatform()
#5 C:\xampp\htdocs\orangehrm-mod\src\lib\orm\Doctrine.php(90): Doctrine\DBAL\Connection->getDatabasePlatform()
#6 C:\xampp\htdocs\orangehrm-mod\src\lib\orm\Doctrine.php(130): OrangeHRM\ORM\Doctrine->__construct()
#7 C:\xampp\htdocs\orangehrm-mod\src\lib\orm\Doctrine.php(140): OrangeHRM\ORM\Doctrine::getInstance()
#8 C:\xampp\htdocs\orangehrm-mod\src\vendor\symfony\dependency-injection\ContainerBuilder.php(1097): OrangeHRM\ORM\Doctrine::getEntityManager()
#9 C:\xampp\htdocs\orangehrm-mod\src\vendor\symfony\dependency-injection\ContainerBuilder.php(608): Symfony\Component\DependencyInjection\ContainerBuilder->createService(Object(Symfony\Component\DependencyInjection\Definition), Array, true, 'doctrine.entity...')
#10 C:\xampp\htdocs\orangehrm-mod\src\vendor\symfony\dependency-injection\ContainerBuilder.php(553): Symfony\Component\DependencyInjection\ContainerBuilder->doGet('doctrine.entity...', 1)
#11 C:\xampp\htdocs\orangehrm-mod\src\plugins\orangehrmCorePlugin\Traits\ORM\EntityManagerTrait.php(33): Symfony\Component\DependencyInjection\ContainerBuilder->get('doctrine.entity...')
#12 C:\xampp\htdocs\orangehrm-mod\src\plugins\orangehrmCorePlugin\Traits\ORM\EntityManagerHelperTrait.php(41): OrangeHRM\Core\Dao\BaseDao->getEntityManager()
#13 C:\xampp\htdocs\orangehrm-mod\src\plugins\orangehrmCorePlugin\Dao\ConfigDao.php(53): OrangeHRM\Core\Dao\BaseDao->getRepository('OrangeHRM\\Entit...')
#14 C:\xampp\htdocs\orangehrm-mod\src\plugins\orangehrmCorePlugin\Service\ConfigService.php(152): OrangeHRM\Core\Dao\ConfigDao->getValue('instance.identi...')
#15 C:\xampp\htdocs\orangehrm-mod\src\plugins\orangehrmCorePlugin\Service\ConfigService.php(430): OrangeHRM\Core\Service\ConfigService->_getConfigValue('instance.identi...')
#16 C:\xampp\htdocs\orangehrm-mod\src\plugins\orangehrmCorePlugin\config\CorePluginConfiguration.php(109): OrangeHRM\Core\Service\ConfigService->getInstanceIdentifier()
#17 C:\xampp\htdocs\orangehrm-mod\src\plugins\orangehrmCorePlugin\config\CorePluginConfiguration.php(91): CorePluginConfiguration->registerCoreSubscribers()
#18 C:\xampp\htdocs\orangehrm-mod\src\lib\framework\Framework.php(137): CorePluginConfiguration->initialize(Object(OrangeHRM\Framework\Http\Request))
#19 C:\xampp\htdocs\orangehrm-mod\src\lib\framework\Framework.php(154): OrangeHRM\Framework\Framework->configurePlugins(Object(OrangeHRM\Framework\Http\Request))
#20 C:\xampp\htdocs\orangehrm-mod\web\index.php(41): OrangeHRM\Framework\Framework->handleRequest(Object(OrangeHRM\Framework\Http\Request))
#21 {main}

Next Doctrine\DBAL\Driver\PDO\Exception: SQLSTATE[HY000] [2002] No connection could be made because the target machine actively refused it in C:\xampp\htdocs\orangehrm-mod\src\vendor\doctrine\dbal\src\Driver\PDO\Exception.php:28
Stack trace:
#0 C:\xampp\htdocs\orangehrm-mod\src\vendor\doctrine\dbal\src\Driver\PDO\MySQL\Driver.php(40): Doctrine\DBAL\Driver\PDO\Exception::new(Object(PDOException))
#1 C:\xampp\htdocs\orangehrm-mod\src\vendor\doctrine\dbal\src\Connection.php(378): Doctrine\DBAL\Driver\PDO\MySQL\Driver->connect(Object(SensitiveParameterValue))
#2 C:\xampp\htdocs\orangehrm-mod\src\vendor\doctrine\dbal\src\Connection.php(453): Doctrine\DBAL\Connection->connect()
#3 C:\xampp\htdocs\orangehrm-mod\src\vendor\doctrine\dbal\src\Connection.php(411): Doctrine\DBAL\Connection->getDatabasePlatformVersion()
#4 C:\xampp\htdocs\orangehrm-mod\src\vendor\doctrine\dbal\src\Connection.php(318): Doctrine\DBAL\Connection->detectDatabasePlatform()
#5 C:\xampp\htdocs\orangehrm-mod\src\lib\orm\Doctrine.php(90): Doctrine\DBAL\Connection->getDatabasePlatform()
#6 C:\xampp\htdocs\orangehrm-mod\src\lib\orm\Doctrine.php(130): OrangeHRM\ORM\Doctrine->__construct()
#7 C:\xampp\htdocs\orangehrm-mod\src\lib\orm\Doctrine.php(140): OrangeHRM\ORM\Doctrine::getInstance()
#8 C:\xampp\htdocs\orangehrm-mod\src\vendor\symfony\dependency-injection\ContainerBuilder.php(1097): OrangeHRM\ORM\Doctrine::getEntityManager()
#9 C:\xampp\htdocs\orangehrm-mod\src\vendor\symfony\dependency-injection\ContainerBuilder.php(608): Symfony\Component\DependencyInjection\ContainerBuilder->createService(Object(Symfony\Component\DependencyInjection\Definition), Array, true, 'doctrine.entity...')
#10 C:\xampp\htdocs\orangehrm-mod\src\vendor\symfony\dependency-injection\ContainerBuilder.php(553): Symfony\Component\DependencyInjection\ContainerBuilder->doGet('doctrine.entity...', 1)
#11 C:\xampp\htdocs\orangehrm-mod\src\plugins\orangehrmCorePlugin\Traits\ORM\EntityManagerTrait.php(33): Symfony\Component\DependencyInjection\ContainerBuilder->get('doctrine.entity...')
#12 C:\xampp\htdocs\orangehrm-mod\src\plugins\orangehrmCorePlugin\Traits\ORM\EntityManagerHelperTrait.php(41): OrangeHRM\Core\Dao\BaseDao->getEntityManager()
#13 C:\xampp\htdocs\orangehrm-mod\src\plugins\orangehrmCorePlugin\Dao\ConfigDao.php(53): OrangeHRM\Core\Dao\BaseDao->getRepository('OrangeHRM\\Entit...')
#14 C:\xampp\htdocs\orangehrm-mod\src\plugins\orangehrmCorePlugin\Service\ConfigService.php(152): OrangeHRM\Core\Dao\ConfigDao->getValue('instance.identi...')
#15 C:\xampp\htdocs\orangehrm-mod\src\plugins\orangehrmCorePlugin\Service\ConfigService.php(430): OrangeHRM\Core\Service\ConfigService->_getConfigValue('instance.identi...')
#16 C:\xampp\htdocs\orangehrm-mod\src\plugins\orangehrmCorePlugin\config\CorePluginConfiguration.php(109): OrangeHRM\Core\Service\ConfigService->getInstanceIdentifier()
#17 C:\xampp\htdocs\orangehrm-mod\src\plugins\orangehrmCorePlugin\config\CorePluginConfiguration.php(91): CorePluginConfiguration->registerCoreSubscribers()
#18 C:\xampp\htdocs\orangehrm-mod\src\lib\framework\Framework.php(137): CorePluginConfiguration->initialize(Object(OrangeHRM\Framework\Http\Request))
#19 C:\xampp\htdocs\orangehrm-mod\src\lib\framework\Framework.php(154): OrangeHRM\Framework\Framework->configurePlugins(Object(OrangeHRM\Framework\Http\Request))
#20 C:\xampp\htdocs\orangehrm-mod\web\index.php(41): OrangeHRM\Framework\Framework->handleRequest(Object(OrangeHRM\Framework\Http\Request))
#21 {main}

Next Doctrine\DBAL\Exception\ConnectionException: An exception occurred in the driver: SQLSTATE[HY000] [2002] No connection could be made because the target machine actively refused it in C:\xampp\htdocs\orangehrm-mod\src\vendor\doctrine\dbal\src\Driver\API\MySQL\ExceptionConverter.php:101
Stack trace:
#0 C:\xampp\htdocs\orangehrm-mod\src\vendor\doctrine\dbal\src\Connection.php(1943): Doctrine\DBAL\Driver\API\MySQL\ExceptionConverter->convert(Object(Doctrine\DBAL\Driver\PDO\Exception), NULL)
#1 C:\xampp\htdocs\orangehrm-mod\src\vendor\doctrine\dbal\src\Connection.php(1891): Doctrine\DBAL\Connection->handleDriverException(Object(Doctrine\DBAL\Driver\PDO\Exception), NULL)
#2 C:\xampp\htdocs\orangehrm-mod\src\vendor\doctrine\dbal\src\Connection.php(380): Doctrine\DBAL\Connection->convertException(Object(Doctrine\DBAL\Driver\PDO\Exception))
#3 C:\xampp\htdocs\orangehrm-mod\src\vendor\doctrine\dbal\src\Connection.php(453): Doctrine\DBAL\Connection->connect()
#4 C:\xampp\htdocs\orangehrm-mod\src\vendor\doctrine\dbal\src\Connection.php(411): Doctrine\DBAL\Connection->getDatabasePlatformVersion()
#5 C:\xampp\htdocs\orangehrm-mod\src\vendor\doctrine\dbal\src\Connection.php(318): Doctrine\DBAL\Connection->detectDatabasePlatform()
#6 C:\xampp\htdocs\orangehrm-mod\src\lib\orm\Doctrine.php(90): Doctrine\DBAL\Connection->getDatabasePlatform()
#7 C:\xampp\htdocs\orangehrm-mod\src\lib\orm\Doctrine.php(130): OrangeHRM\ORM\Doctrine->__construct()
#8 C:\xampp\htdocs\orangehrm-mod\src\lib\orm\Doctrine.php(140): OrangeHRM\ORM\Doctrine::getInstance()
#9 C:\xampp\htdocs\orangehrm-mod\src\vendor\symfony\dependency-injection\ContainerBuilder.php(1097): OrangeHRM\ORM\Doctrine::getEntityManager()
#10 C:\xampp\htdocs\orangehrm-mod\src\vendor\symfony\dependency-injection\ContainerBuilder.php(608): Symfony\Component\DependencyInjection\ContainerBuilder->createService(Object(Symfony\Component\DependencyInjection\Definition), Array, true, 'doctrine.entity...')
#11 C:\xampp\htdocs\orangehrm-mod\src\vendor\symfony\dependency-injection\ContainerBuilder.php(553): Symfony\Component\DependencyInjection\ContainerBuilder->doGet('doctrine.entity...', 1)
#12 C:\xampp\htdocs\orangehrm-mod\src\plugins\orangehrmCorePlugin\Traits\ORM\EntityManagerTrait.php(33): Symfony\Component\DependencyInjection\ContainerBuilder->get('doctrine.entity...')
#13 C:\xampp\htdocs\orangehrm-mod\src\plugins\orangehrmCorePlugin\Traits\ORM\EntityManagerHelperTrait.php(41): OrangeHRM\Core\Dao\BaseDao->getEntityManager()
#14 C:\xampp\htdocs\orangehrm-mod\src\plugins\orangehrmCorePlugin\Dao\ConfigDao.php(53): OrangeHRM\Core\Dao\BaseDao->getRepository('OrangeHRM\\Entit...')
#15 C:\xampp\htdocs\orangehrm-mod\src\plugins\orangehrmCorePlugin\Service\ConfigService.php(152): OrangeHRM\Core\Dao\ConfigDao->getValue('instance.identi...')
#16 C:\xampp\htdocs\orangehrm-mod\src\plugins\orangehrmCorePlugin\Service\ConfigService.php(430): OrangeHRM\Core\Service\ConfigService->_getConfigValue('instance.identi...')
#17 C:\xampp\htdocs\orangehrm-mod\src\plugins\orangehrmCorePlugin\config\CorePluginConfiguration.php(109): OrangeHRM\Core\Service\ConfigService->getInstanceIdentifier()
#18 C:\xampp\htdocs\orangehrm-mod\src\plugins\orangehrmCorePlugin\config\CorePluginConfiguration.php(91): CorePluginConfiguration->registerCoreSubscribers()
#19 C:\xampp\htdocs\orangehrm-mod\src\lib\framework\Framework.php(137): CorePluginConfiguration->initialize(Object(OrangeHRM\Framework\Http\Request))
#20 C:\xampp\htdocs\orangehrm-mod\src\lib\framework\Framework.php(154): OrangeHRM\Framework\Framework->configurePlugins(Object(OrangeHRM\Framework\Http\Request))
#21 C:\xampp\htdocs\orangehrm-mod\web\index.php(41): OrangeHRM\Framework\Framework->handleRequest(Object(OrangeHRM\Framework\Http\Request))
#22 {main}
  thrown in C:\xampp\htdocs\orangehrm-mod\src\vendor\doctrine\dbal\src\Driver\API\MySQL\ExceptionConverter.php on line 101
[2025-04-17T18:05:21.646237+02:00] orangehrm.ERROR:  [] []
[2025-04-17T18:05:21.706046+02:00] orangehrm.ERROR: #0 C:\xampp\htdocs\orangehrm-mod\src\vendor\symfony\event-dispatcher\EventDispatcher.php(230): OrangeHRM\Time\Subscriber\TimesheetPeriodSubscriber->onRequestEvent(Object(Symfony\Component\HttpKernel\Event\RequestEvent), 'kernel.request', Object(OrangeHRM\Framework\Event\EventDispatcher)) #1 C:\xampp\htdocs\orangehrm-mod\src\vendor\symfony\event-dispatcher\EventDispatcher.php(59): Symfony\Component\EventDispatcher\EventDispatcher->callListeners(Array, 'kernel.request', Object(Symfony\Component\HttpKernel\Event\RequestEvent)) #2 C:\xampp\htdocs\orangehrm-mod\src\vendor\symfony\http-kernel\HttpKernel.php(139): Symfony\Component\EventDispatcher\EventDispatcher->dispatch(Object(Symfony\Component\HttpKernel\Event\RequestEvent), 'kernel.request') #3 C:\xampp\htdocs\orangehrm-mod\src\vendor\symfony\http-kernel\HttpKernel.php(75): Symfony\Component\HttpKernel\HttpKernel->handleRaw(Object(OrangeHRM\Framework\Http\Request), 1) #4 C:\xampp\htdocs\orangehrm-mod\src\lib\framework\Framework.php(156): Symfony\Component\HttpKernel\HttpKernel->handle(Object(OrangeHRM\Framework\Http\Request), 1, true) #5 C:\xampp\htdocs\orangehrm-mod\web\index.php(41): OrangeHRM\Framework\Framework->handleRequest(Object(OrangeHRM\Framework\Http\Request)) #6 {main} [] []
[17-Apr-2025 18:28:20 Europe/Berlin] PHP Fatal error:  Uncaught PDOException: SQLSTATE[HY000] [2002] No connection could be made because the target machine actively refused it in C:\xampp\htdocs\orangehrm-mod\src\vendor\doctrine\dbal\src\Driver\PDO\MySQL\Driver.php:33
Stack trace:
#0 C:\xampp\htdocs\orangehrm-mod\src\vendor\doctrine\dbal\src\Driver\PDO\MySQL\Driver.php(33): PDO->__construct('mysql:host=loca...', 'root', Object(SensitiveParameterValue), Array)
#1 C:\xampp\htdocs\orangehrm-mod\src\vendor\doctrine\dbal\src\Connection.php(378): Doctrine\DBAL\Driver\PDO\MySQL\Driver->connect(Object(SensitiveParameterValue))
#2 C:\xampp\htdocs\orangehrm-mod\src\vendor\doctrine\dbal\src\Connection.php(453): Doctrine\DBAL\Connection->connect()
#3 C:\xampp\htdocs\orangehrm-mod\src\vendor\doctrine\dbal\src\Connection.php(411): Doctrine\DBAL\Connection->getDatabasePlatformVersion()
#4 C:\xampp\htdocs\orangehrm-mod\src\vendor\doctrine\dbal\src\Connection.php(318): Doctrine\DBAL\Connection->detectDatabasePlatform()
#5 C:\xampp\htdocs\orangehrm-mod\src\lib\orm\Doctrine.php(90): Doctrine\DBAL\Connection->getDatabasePlatform()
#6 C:\xampp\htdocs\orangehrm-mod\src\lib\orm\Doctrine.php(130): OrangeHRM\ORM\Doctrine->__construct()
#7 C:\xampp\htdocs\orangehrm-mod\src\lib\orm\Doctrine.php(140): OrangeHRM\ORM\Doctrine::getInstance()
#8 C:\xampp\htdocs\orangehrm-mod\src\vendor\symfony\dependency-injection\ContainerBuilder.php(1097): OrangeHRM\ORM\Doctrine::getEntityManager()
#9 C:\xampp\htdocs\orangehrm-mod\src\vendor\symfony\dependency-injection\ContainerBuilder.php(608): Symfony\Component\DependencyInjection\ContainerBuilder->createService(Object(Symfony\Component\DependencyInjection\Definition), Array, true, 'doctrine.entity...')
#10 C:\xampp\htdocs\orangehrm-mod\src\vendor\symfony\dependency-injection\ContainerBuilder.php(553): Symfony\Component\DependencyInjection\ContainerBuilder->doGet('doctrine.entity...', 1)
#11 C:\xampp\htdocs\orangehrm-mod\src\plugins\orangehrmCorePlugin\Traits\ORM\EntityManagerTrait.php(33): Symfony\Component\DependencyInjection\ContainerBuilder->get('doctrine.entity...')
#12 C:\xampp\htdocs\orangehrm-mod\src\plugins\orangehrmCorePlugin\Traits\ORM\EntityManagerHelperTrait.php(41): OrangeHRM\Core\Dao\BaseDao->getEntityManager()
#13 C:\xampp\htdocs\orangehrm-mod\src\plugins\orangehrmCorePlugin\Dao\ConfigDao.php(53): OrangeHRM\Core\Dao\BaseDao->getRepository('OrangeHRM\\Entit...')
#14 C:\xampp\htdocs\orangehrm-mod\src\plugins\orangehrmCorePlugin\Service\ConfigService.php(152): OrangeHRM\Core\Dao\ConfigDao->getValue('instance.identi...')
#15 C:\xampp\htdocs\orangehrm-mod\src\plugins\orangehrmCorePlugin\Service\ConfigService.php(430): OrangeHRM\Core\Service\ConfigService->_getConfigValue('instance.identi...')
#16 C:\xampp\htdocs\orangehrm-mod\src\plugins\orangehrmCorePlugin\config\CorePluginConfiguration.php(109): OrangeHRM\Core\Service\ConfigService->getInstanceIdentifier()
#17 C:\xampp\htdocs\orangehrm-mod\src\plugins\orangehrmCorePlugin\config\CorePluginConfiguration.php(91): CorePluginConfiguration->registerCoreSubscribers()
#18 C:\xampp\htdocs\orangehrm-mod\src\lib\framework\Framework.php(137): CorePluginConfiguration->initialize(Object(OrangeHRM\Framework\Http\Request))
#19 C:\xampp\htdocs\orangehrm-mod\src\lib\framework\Framework.php(154): OrangeHRM\Framework\Framework->configurePlugins(Object(OrangeHRM\Framework\Http\Request))
#20 C:\xampp\htdocs\orangehrm-mod\web\index.php(41): OrangeHRM\Framework\Framework->handleRequest(Object(OrangeHRM\Framework\Http\Request))
#21 {main}

Next Doctrine\DBAL\Driver\PDO\Exception: SQLSTATE[HY000] [2002] No connection could be made because the target machine actively refused it in C:\xampp\htdocs\orangehrm-mod\src\vendor\doctrine\dbal\src\Driver\PDO\Exception.php:28
Stack trace:
#0 C:\xampp\htdocs\orangehrm-mod\src\vendor\doctrine\dbal\src\Driver\PDO\MySQL\Driver.php(40): Doctrine\DBAL\Driver\PDO\Exception::new(Object(PDOException))
#1 C:\xampp\htdocs\orangehrm-mod\src\vendor\doctrine\dbal\src\Connection.php(378): Doctrine\DBAL\Driver\PDO\MySQL\Driver->connect(Object(SensitiveParameterValue))
#2 C:\xampp\htdocs\orangehrm-mod\src\vendor\doctrine\dbal\src\Connection.php(453): Doctrine\DBAL\Connection->connect()
#3 C:\xampp\htdocs\orangehrm-mod\src\vendor\doctrine\dbal\src\Connection.php(411): Doctrine\DBAL\Connection->getDatabasePlatformVersion()
#4 C:\xampp\htdocs\orangehrm-mod\src\vendor\doctrine\dbal\src\Connection.php(318): Doctrine\DBAL\Connection->detectDatabasePlatform()
#5 C:\xampp\htdocs\orangehrm-mod\src\lib\orm\Doctrine.php(90): Doctrine\DBAL\Connection->getDatabasePlatform()
#6 C:\xampp\htdocs\orangehrm-mod\src\lib\orm\Doctrine.php(130): OrangeHRM\ORM\Doctrine->__construct()
#7 C:\xampp\htdocs\orangehrm-mod\src\lib\orm\Doctrine.php(140): OrangeHRM\ORM\Doctrine::getInstance()
#8 C:\xampp\htdocs\orangehrm-mod\src\vendor\symfony\dependency-injection\ContainerBuilder.php(1097): OrangeHRM\ORM\Doctrine::getEntityManager()
#9 C:\xampp\htdocs\orangehrm-mod\src\vendor\symfony\dependency-injection\ContainerBuilder.php(608): Symfony\Component\DependencyInjection\ContainerBuilder->createService(Object(Symfony\Component\DependencyInjection\Definition), Array, true, 'doctrine.entity...')
#10 C:\xampp\htdocs\orangehrm-mod\src\vendor\symfony\dependency-injection\ContainerBuilder.php(553): Symfony\Component\DependencyInjection\ContainerBuilder->doGet('doctrine.entity...', 1)
#11 C:\xampp\htdocs\orangehrm-mod\src\plugins\orangehrmCorePlugin\Traits\ORM\EntityManagerTrait.php(33): Symfony\Component\DependencyInjection\ContainerBuilder->get('doctrine.entity...')
#12 C:\xampp\htdocs\orangehrm-mod\src\plugins\orangehrmCorePlugin\Traits\ORM\EntityManagerHelperTrait.php(41): OrangeHRM\Core\Dao\BaseDao->getEntityManager()
#13 C:\xampp\htdocs\orangehrm-mod\src\plugins\orangehrmCorePlugin\Dao\ConfigDao.php(53): OrangeHRM\Core\Dao\BaseDao->getRepository('OrangeHRM\\Entit...')
#14 C:\xampp\htdocs\orangehrm-mod\src\plugins\orangehrmCorePlugin\Service\ConfigService.php(152): OrangeHRM\Core\Dao\ConfigDao->getValue('instance.identi...')
#15 C:\xampp\htdocs\orangehrm-mod\src\plugins\orangehrmCorePlugin\Service\ConfigService.php(430): OrangeHRM\Core\Service\ConfigService->_getConfigValue('instance.identi...')
#16 C:\xampp\htdocs\orangehrm-mod\src\plugins\orangehrmCorePlugin\config\CorePluginConfiguration.php(109): OrangeHRM\Core\Service\ConfigService->getInstanceIdentifier()
#17 C:\xampp\htdocs\orangehrm-mod\src\plugins\orangehrmCorePlugin\config\CorePluginConfiguration.php(91): CorePluginConfiguration->registerCoreSubscribers()
#18 C:\xampp\htdocs\orangehrm-mod\src\lib\framework\Framework.php(137): CorePluginConfiguration->initialize(Object(OrangeHRM\Framework\Http\Request))
#19 C:\xampp\htdocs\orangehrm-mod\src\lib\framework\Framework.php(154): OrangeHRM\Framework\Framework->configurePlugins(Object(OrangeHRM\Framework\Http\Request))
#20 C:\xampp\htdocs\orangehrm-mod\web\index.php(41): OrangeHRM\Framework\Framework->handleRequest(Object(OrangeHRM\Framework\Http\Request))
#21 {main}

Next Doctrine\DBAL\Exception\ConnectionException: An exception occurred in the driver: SQLSTATE[HY000] [2002] No connection could be made because the target machine actively refused it in C:\xampp\htdocs\orangehrm-mod\src\vendor\doctrine\dbal\src\Driver\API\MySQL\ExceptionConverter.php:101
Stack trace:
#0 C:\xampp\htdocs\orangehrm-mod\src\vendor\doctrine\dbal\src\Connection.php(1943): Doctrine\DBAL\Driver\API\MySQL\ExceptionConverter->convert(Object(Doctrine\DBAL\Driver\PDO\Exception), NULL)
#1 C:\xampp\htdocs\orangehrm-mod\src\vendor\doctrine\dbal\src\Connection.php(1891): Doctrine\DBAL\Connection->handleDriverException(Object(Doctrine\DBAL\Driver\PDO\Exception), NULL)
#2 C:\xampp\htdocs\orangehrm-mod\src\vendor\doctrine\dbal\src\Connection.php(380): Doctrine\DBAL\Connection->convertException(Object(Doctrine\DBAL\Driver\PDO\Exception))
#3 C:\xampp\htdocs\orangehrm-mod\src\vendor\doctrine\dbal\src\Connection.php(453): Doctrine\DBAL\Connection->connect()
#4 C:\xampp\htdocs\orangehrm-mod\src\vendor\doctrine\dbal\src\Connection.php(411): Doctrine\DBAL\Connection->getDatabasePlatformVersion()
#5 C:\xampp\htdocs\orangehrm-mod\src\vendor\doctrine\dbal\src\Connection.php(318): Doctrine\DBAL\Connection->detectDatabasePlatform()
#6 C:\xampp\htdocs\orangehrm-mod\src\lib\orm\Doctrine.php(90): Doctrine\DBAL\Connection->getDatabasePlatform()
#7 C:\xampp\htdocs\orangehrm-mod\src\lib\orm\Doctrine.php(130): OrangeHRM\ORM\Doctrine->__construct()
#8 C:\xampp\htdocs\orangehrm-mod\src\lib\orm\Doctrine.php(140): OrangeHRM\ORM\Doctrine::getInstance()
#9 C:\xampp\htdocs\orangehrm-mod\src\vendor\symfony\dependency-injection\ContainerBuilder.php(1097): OrangeHRM\ORM\Doctrine::getEntityManager()
#10 C:\xampp\htdocs\orangehrm-mod\src\vendor\symfony\dependency-injection\ContainerBuilder.php(608): Symfony\Component\DependencyInjection\ContainerBuilder->createService(Object(Symfony\Component\DependencyInjection\Definition), Array, true, 'doctrine.entity...')
#11 C:\xampp\htdocs\orangehrm-mod\src\vendor\symfony\dependency-injection\ContainerBuilder.php(553): Symfony\Component\DependencyInjection\ContainerBuilder->doGet('doctrine.entity...', 1)
#12 C:\xampp\htdocs\orangehrm-mod\src\plugins\orangehrmCorePlugin\Traits\ORM\EntityManagerTrait.php(33): Symfony\Component\DependencyInjection\ContainerBuilder->get('doctrine.entity...')
#13 C:\xampp\htdocs\orangehrm-mod\src\plugins\orangehrmCorePlugin\Traits\ORM\EntityManagerHelperTrait.php(41): OrangeHRM\Core\Dao\BaseDao->getEntityManager()
#14 C:\xampp\htdocs\orangehrm-mod\src\plugins\orangehrmCorePlugin\Dao\ConfigDao.php(53): OrangeHRM\Core\Dao\BaseDao->getRepository('OrangeHRM\\Entit...')
#15 C:\xampp\htdocs\orangehrm-mod\src\plugins\orangehrmCorePlugin\Service\ConfigService.php(152): OrangeHRM\Core\Dao\ConfigDao->getValue('instance.identi...')
#16 C:\xampp\htdocs\orangehrm-mod\src\plugins\orangehrmCorePlugin\Service\ConfigService.php(430): OrangeHRM\Core\Service\ConfigService->_getConfigValue('instance.identi...')
#17 C:\xampp\htdocs\orangehrm-mod\src\plugins\orangehrmCorePlugin\config\CorePluginConfiguration.php(109): OrangeHRM\Core\Service\ConfigService->getInstanceIdentifier()
#18 C:\xampp\htdocs\orangehrm-mod\src\plugins\orangehrmCorePlugin\config\CorePluginConfiguration.php(91): CorePluginConfiguration->registerCoreSubscribers()
#19 C:\xampp\htdocs\orangehrm-mod\src\lib\framework\Framework.php(137): CorePluginConfiguration->initialize(Object(OrangeHRM\Framework\Http\Request))
#20 C:\xampp\htdocs\orangehrm-mod\src\lib\framework\Framework.php(154): OrangeHRM\Framework\Framework->configurePlugins(Object(OrangeHRM\Framework\Http\Request))
#21 C:\xampp\htdocs\orangehrm-mod\web\index.php(41): OrangeHRM\Framework\Framework->handleRequest(Object(OrangeHRM\Framework\Http\Request))
#22 {main}
  thrown in C:\xampp\htdocs\orangehrm-mod\src\vendor\doctrine\dbal\src\Driver\API\MySQL\ExceptionConverter.php on line 101
[22-Apr-2025 02:28:56 Europe/Berlin] PHP Fatal error:  Uncaught PDOException: SQLSTATE[HY000] [2002] No connection could be made because the target machine actively refused it in C:\xampp\htdocs\orangehrm-mod\src\vendor\doctrine\dbal\src\Driver\PDO\MySQL\Driver.php:33
Stack trace:
#0 C:\xampp\htdocs\orangehrm-mod\src\vendor\doctrine\dbal\src\Driver\PDO\MySQL\Driver.php(33): PDO->__construct('mysql:host=loca...', 'root', Object(SensitiveParameterValue), Array)
#1 C:\xampp\htdocs\orangehrm-mod\src\vendor\doctrine\dbal\src\Connection.php(378): Doctrine\DBAL\Driver\PDO\MySQL\Driver->connect(Object(SensitiveParameterValue))
#2 C:\xampp\htdocs\orangehrm-mod\src\vendor\doctrine\dbal\src\Connection.php(453): Doctrine\DBAL\Connection->connect()
#3 C:\xampp\htdocs\orangehrm-mod\src\vendor\doctrine\dbal\src\Connection.php(411): Doctrine\DBAL\Connection->getDatabasePlatformVersion()
#4 C:\xampp\htdocs\orangehrm-mod\src\vendor\doctrine\dbal\src\Connection.php(318): Doctrine\DBAL\Connection->detectDatabasePlatform()
#5 C:\xampp\htdocs\orangehrm-mod\src\lib\orm\Doctrine.php(90): Doctrine\DBAL\Connection->getDatabasePlatform()
#6 C:\xampp\htdocs\orangehrm-mod\src\lib\orm\Doctrine.php(130): OrangeHRM\ORM\Doctrine->__construct()
#7 C:\xampp\htdocs\orangehrm-mod\src\lib\orm\Doctrine.php(140): OrangeHRM\ORM\Doctrine::getInstance()
#8 C:\xampp\htdocs\orangehrm-mod\src\vendor\symfony\dependency-injection\ContainerBuilder.php(1097): OrangeHRM\ORM\Doctrine::getEntityManager()
#9 C:\xampp\htdocs\orangehrm-mod\src\vendor\symfony\dependency-injection\ContainerBuilder.php(608): Symfony\Component\DependencyInjection\ContainerBuilder->createService(Object(Symfony\Component\DependencyInjection\Definition), Array, true, 'doctrine.entity...')
#10 C:\xampp\htdocs\orangehrm-mod\src\vendor\symfony\dependency-injection\ContainerBuilder.php(553): Symfony\Component\DependencyInjection\ContainerBuilder->doGet('doctrine.entity...', 1)
#11 C:\xampp\htdocs\orangehrm-mod\src\plugins\orangehrmCorePlugin\Traits\ORM\EntityManagerTrait.php(33): Symfony\Component\DependencyInjection\ContainerBuilder->get('doctrine.entity...')
#12 C:\xampp\htdocs\orangehrm-mod\src\plugins\orangehrmCorePlugin\Traits\ORM\EntityManagerHelperTrait.php(41): OrangeHRM\Core\Dao\BaseDao->getEntityManager()
#13 C:\xampp\htdocs\orangehrm-mod\src\plugins\orangehrmCorePlugin\Dao\ConfigDao.php(53): OrangeHRM\Core\Dao\BaseDao->getRepository('OrangeHRM\\Entit...')
#14 C:\xampp\htdocs\orangehrm-mod\src\plugins\orangehrmCorePlugin\Service\ConfigService.php(152): OrangeHRM\Core\Dao\ConfigDao->getValue('instance.identi...')
#15 C:\xampp\htdocs\orangehrm-mod\src\plugins\orangehrmCorePlugin\Service\ConfigService.php(430): OrangeHRM\Core\Service\ConfigService->_getConfigValue('instance.identi...')
#16 C:\xampp\htdocs\orangehrm-mod\src\plugins\orangehrmCorePlugin\config\CorePluginConfiguration.php(109): OrangeHRM\Core\Service\ConfigService->getInstanceIdentifier()
#17 C:\xampp\htdocs\orangehrm-mod\src\plugins\orangehrmCorePlugin\config\CorePluginConfiguration.php(91): CorePluginConfiguration->registerCoreSubscribers()
#18 C:\xampp\htdocs\orangehrm-mod\src\lib\framework\Framework.php(137): CorePluginConfiguration->initialize(Object(OrangeHRM\Framework\Http\Request))
#19 C:\xampp\htdocs\orangehrm-mod\src\lib\framework\Framework.php(154): OrangeHRM\Framework\Framework->configurePlugins(Object(OrangeHRM\Framework\Http\Request))
#20 C:\xampp\htdocs\orangehrm-mod\web\index.php(41): OrangeHRM\Framework\Framework->handleRequest(Object(OrangeHRM\Framework\Http\Request))
#21 {main}

Next Doctrine\DBAL\Driver\PDO\Exception: SQLSTATE[HY000] [2002] No connection could be made because the target machine actively refused it in C:\xampp\htdocs\orangehrm-mod\src\vendor\doctrine\dbal\src\Driver\PDO\Exception.php:28
Stack trace:
#0 C:\xampp\htdocs\orangehrm-mod\src\vendor\doctrine\dbal\src\Driver\PDO\MySQL\Driver.php(40): Doctrine\DBAL\Driver\PDO\Exception::new(Object(PDOException))
#1 C:\xampp\htdocs\orangehrm-mod\src\vendor\doctrine\dbal\src\Connection.php(378): Doctrine\DBAL\Driver\PDO\MySQL\Driver->connect(Object(SensitiveParameterValue))
#2 C:\xampp\htdocs\orangehrm-mod\src\vendor\doctrine\dbal\src\Connection.php(453): Doctrine\DBAL\Connection->connect()
#3 C:\xampp\htdocs\orangehrm-mod\src\vendor\doctrine\dbal\src\Connection.php(411): Doctrine\DBAL\Connection->getDatabasePlatformVersion()
#4 C:\xampp\htdocs\orangehrm-mod\src\vendor\doctrine\dbal\src\Connection.php(318): Doctrine\DBAL\Connection->detectDatabasePlatform()
#5 C:\xampp\htdocs\orangehrm-mod\src\lib\orm\Doctrine.php(90): Doctrine\DBAL\Connection->getDatabasePlatform()
#6 C:\xampp\htdocs\orangehrm-mod\src\lib\orm\Doctrine.php(130): OrangeHRM\ORM\Doctrine->__construct()
#7 C:\xampp\htdocs\orangehrm-mod\src\lib\orm\Doctrine.php(140): OrangeHRM\ORM\Doctrine::getInstance()
#8 C:\xampp\htdocs\orangehrm-mod\src\vendor\symfony\dependency-injection\ContainerBuilder.php(1097): OrangeHRM\ORM\Doctrine::getEntityManager()
#9 C:\xampp\htdocs\orangehrm-mod\src\vendor\symfony\dependency-injection\ContainerBuilder.php(608): Symfony\Component\DependencyInjection\ContainerBuilder->createService(Object(Symfony\Component\DependencyInjection\Definition), Array, true, 'doctrine.entity...')
#10 C:\xampp\htdocs\orangehrm-mod\src\vendor\symfony\dependency-injection\ContainerBuilder.php(553): Symfony\Component\DependencyInjection\ContainerBuilder->doGet('doctrine.entity...', 1)
#11 C:\xampp\htdocs\orangehrm-mod\src\plugins\orangehrmCorePlugin\Traits\ORM\EntityManagerTrait.php(33): Symfony\Component\DependencyInjection\ContainerBuilder->get('doctrine.entity...')
#12 C:\xampp\htdocs\orangehrm-mod\src\plugins\orangehrmCorePlugin\Traits\ORM\EntityManagerHelperTrait.php(41): OrangeHRM\Core\Dao\BaseDao->getEntityManager()
#13 C:\xampp\htdocs\orangehrm-mod\src\plugins\orangehrmCorePlugin\Dao\ConfigDao.php(53): OrangeHRM\Core\Dao\BaseDao->getRepository('OrangeHRM\\Entit...')
#14 C:\xampp\htdocs\orangehrm-mod\src\plugins\orangehrmCorePlugin\Service\ConfigService.php(152): OrangeHRM\Core\Dao\ConfigDao->getValue('instance.identi...')
#15 C:\xampp\htdocs\orangehrm-mod\src\plugins\orangehrmCorePlugin\Service\ConfigService.php(430): OrangeHRM\Core\Service\ConfigService->_getConfigValue('instance.identi...')
#16 C:\xampp\htdocs\orangehrm-mod\src\plugins\orangehrmCorePlugin\config\CorePluginConfiguration.php(109): OrangeHRM\Core\Service\ConfigService->getInstanceIdentifier()
#17 C:\xampp\htdocs\orangehrm-mod\src\plugins\orangehrmCorePlugin\config\CorePluginConfiguration.php(91): CorePluginConfiguration->registerCoreSubscribers()
#18 C:\xampp\htdocs\orangehrm-mod\src\lib\framework\Framework.php(137): CorePluginConfiguration->initialize(Object(OrangeHRM\Framework\Http\Request))
#19 C:\xampp\htdocs\orangehrm-mod\src\lib\framework\Framework.php(154): OrangeHRM\Framework\Framework->configurePlugins(Object(OrangeHRM\Framework\Http\Request))
#20 C:\xampp\htdocs\orangehrm-mod\web\index.php(41): OrangeHRM\Framework\Framework->handleRequest(Object(OrangeHRM\Framework\Http\Request))
#21 {main}

Next Doctrine\DBAL\Exception\ConnectionException: An exception occurred in the driver: SQLSTATE[HY000] [2002] No connection could be made because the target machine actively refused it in C:\xampp\htdocs\orangehrm-mod\src\vendor\doctrine\dbal\src\Driver\API\MySQL\ExceptionConverter.php:101
Stack trace:
#0 C:\xampp\htdocs\orangehrm-mod\src\vendor\doctrine\dbal\src\Connection.php(1943): Doctrine\DBAL\Driver\API\MySQL\ExceptionConverter->convert(Object(Doctrine\DBAL\Driver\PDO\Exception), NULL)
#1 C:\xampp\htdocs\orangehrm-mod\src\vendor\doctrine\dbal\src\Connection.php(1891): Doctrine\DBAL\Connection->handleDriverException(Object(Doctrine\DBAL\Driver\PDO\Exception), NULL)
#2 C:\xampp\htdocs\orangehrm-mod\src\vendor\doctrine\dbal\src\Connection.php(380): Doctrine\DBAL\Connection->convertException(Object(Doctrine\DBAL\Driver\PDO\Exception))
#3 C:\xampp\htdocs\orangehrm-mod\src\vendor\doctrine\dbal\src\Connection.php(453): Doctrine\DBAL\Connection->connect()
#4 C:\xampp\htdocs\orangehrm-mod\src\vendor\doctrine\dbal\src\Connection.php(411): Doctrine\DBAL\Connection->getDatabasePlatformVersion()
#5 C:\xampp\htdocs\orangehrm-mod\src\vendor\doctrine\dbal\src\Connection.php(318): Doctrine\DBAL\Connection->detectDatabasePlatform()
#6 C:\xampp\htdocs\orangehrm-mod\src\lib\orm\Doctrine.php(90): Doctrine\DBAL\Connection->getDatabasePlatform()
#7 C:\xampp\htdocs\orangehrm-mod\src\lib\orm\Doctrine.php(130): OrangeHRM\ORM\Doctrine->__construct()
#8 C:\xampp\htdocs\orangehrm-mod\src\lib\orm\Doctrine.php(140): OrangeHRM\ORM\Doctrine::getInstance()
#9 C:\xampp\htdocs\orangehrm-mod\src\vendor\symfony\dependency-injection\ContainerBuilder.php(1097): OrangeHRM\ORM\Doctrine::getEntityManager()
#10 C:\xampp\htdocs\orangehrm-mod\src\vendor\symfony\dependency-injection\ContainerBuilder.php(608): Symfony\Component\DependencyInjection\ContainerBuilder->createService(Object(Symfony\Component\DependencyInjection\Definition), Array, true, 'doctrine.entity...')
#11 C:\xampp\htdocs\orangehrm-mod\src\vendor\symfony\dependency-injection\ContainerBuilder.php(553): Symfony\Component\DependencyInjection\ContainerBuilder->doGet('doctrine.entity...', 1)
#12 C:\xampp\htdocs\orangehrm-mod\src\plugins\orangehrmCorePlugin\Traits\ORM\EntityManagerTrait.php(33): Symfony\Component\DependencyInjection\ContainerBuilder->get('doctrine.entity...')
#13 C:\xampp\htdocs\orangehrm-mod\src\plugins\orangehrmCorePlugin\Traits\ORM\EntityManagerHelperTrait.php(41): OrangeHRM\Core\Dao\BaseDao->getEntityManager()
#14 C:\xampp\htdocs\orangehrm-mod\src\plugins\orangehrmCorePlugin\Dao\ConfigDao.php(53): OrangeHRM\Core\Dao\BaseDao->getRepository('OrangeHRM\\Entit...')
#15 C:\xampp\htdocs\orangehrm-mod\src\plugins\orangehrmCorePlugin\Service\ConfigService.php(152): OrangeHRM\Core\Dao\ConfigDao->getValue('instance.identi...')
#16 C:\xampp\htdocs\orangehrm-mod\src\plugins\orangehrmCorePlugin\Service\ConfigService.php(430): OrangeHRM\Core\Service\ConfigService->_getConfigValue('instance.identi...')
#17 C:\xampp\htdocs\orangehrm-mod\src\plugins\orangehrmCorePlugin\config\CorePluginConfiguration.php(109): OrangeHRM\Core\Service\ConfigService->getInstanceIdentifier()
#18 C:\xampp\htdocs\orangehrm-mod\src\plugins\orangehrmCorePlugin\config\CorePluginConfiguration.php(91): CorePluginConfiguration->registerCoreSubscribers()
#19 C:\xampp\htdocs\orangehrm-mod\src\lib\framework\Framework.php(137): CorePluginConfiguration->initialize(Object(OrangeHRM\Framework\Http\Request))
#20 C:\xampp\htdocs\orangehrm-mod\src\lib\framework\Framework.php(154): OrangeHRM\Framework\Framework->configurePlugins(Object(OrangeHRM\Framework\Http\Request))
#21 C:\xampp\htdocs\orangehrm-mod\web\index.php(41): OrangeHRM\Framework\Framework->handleRequest(Object(OrangeHRM\Framework\Http\Request))
#22 {main}
  thrown in C:\xampp\htdocs\orangehrm-mod\src\vendor\doctrine\dbal\src\Driver\API\MySQL\ExceptionConverter.php on line 101
[22-Apr-2025 02:29:05 Europe/Berlin] PHP Fatal error:  Uncaught PDOException: SQLSTATE[HY000] [2002] No connection could be made because the target machine actively refused it in C:\xampp\htdocs\orangehrm-mod\src\vendor\doctrine\dbal\src\Driver\PDO\MySQL\Driver.php:33
Stack trace:
#0 C:\xampp\htdocs\orangehrm-mod\src\vendor\doctrine\dbal\src\Driver\PDO\MySQL\Driver.php(33): PDO->__construct('mysql:host=loca...', 'root', Object(SensitiveParameterValue), Array)
#1 C:\xampp\htdocs\orangehrm-mod\src\vendor\doctrine\dbal\src\Connection.php(378): Doctrine\DBAL\Driver\PDO\MySQL\Driver->connect(Object(SensitiveParameterValue))
#2 C:\xampp\htdocs\orangehrm-mod\src\vendor\doctrine\dbal\src\Connection.php(453): Doctrine\DBAL\Connection->connect()
#3 C:\xampp\htdocs\orangehrm-mod\src\vendor\doctrine\dbal\src\Connection.php(411): Doctrine\DBAL\Connection->getDatabasePlatformVersion()
#4 C:\xampp\htdocs\orangehrm-mod\src\vendor\doctrine\dbal\src\Connection.php(318): Doctrine\DBAL\Connection->detectDatabasePlatform()
#5 C:\xampp\htdocs\orangehrm-mod\src\lib\orm\Doctrine.php(90): Doctrine\DBAL\Connection->getDatabasePlatform()
#6 C:\xampp\htdocs\orangehrm-mod\src\lib\orm\Doctrine.php(130): OrangeHRM\ORM\Doctrine->__construct()
#7 C:\xampp\htdocs\orangehrm-mod\src\lib\orm\Doctrine.php(140): OrangeHRM\ORM\Doctrine::getInstance()
#8 C:\xampp\htdocs\orangehrm-mod\src\vendor\symfony\dependency-injection\ContainerBuilder.php(1097): OrangeHRM\ORM\Doctrine::getEntityManager()
#9 C:\xampp\htdocs\orangehrm-mod\src\vendor\symfony\dependency-injection\ContainerBuilder.php(608): Symfony\Component\DependencyInjection\ContainerBuilder->createService(Object(Symfony\Component\DependencyInjection\Definition), Array, true, 'doctrine.entity...')
#10 C:\xampp\htdocs\orangehrm-mod\src\vendor\symfony\dependency-injection\ContainerBuilder.php(553): Symfony\Component\DependencyInjection\ContainerBuilder->doGet('doctrine.entity...', 1)
#11 C:\xampp\htdocs\orangehrm-mod\src\plugins\orangehrmCorePlugin\Traits\ORM\EntityManagerTrait.php(33): Symfony\Component\DependencyInjection\ContainerBuilder->get('doctrine.entity...')
#12 C:\xampp\htdocs\orangehrm-mod\src\plugins\orangehrmCorePlugin\Traits\ORM\EntityManagerHelperTrait.php(41): OrangeHRM\Core\Dao\BaseDao->getEntityManager()
#13 C:\xampp\htdocs\orangehrm-mod\src\plugins\orangehrmCorePlugin\Dao\ConfigDao.php(53): OrangeHRM\Core\Dao\BaseDao->getRepository('OrangeHRM\\Entit...')
#14 C:\xampp\htdocs\orangehrm-mod\src\plugins\orangehrmCorePlugin\Service\ConfigService.php(152): OrangeHRM\Core\Dao\ConfigDao->getValue('instance.identi...')
#15 C:\xampp\htdocs\orangehrm-mod\src\plugins\orangehrmCorePlugin\Service\ConfigService.php(430): OrangeHRM\Core\Service\ConfigService->_getConfigValue('instance.identi...')
#16 C:\xampp\htdocs\orangehrm-mod\src\plugins\orangehrmCorePlugin\config\CorePluginConfiguration.php(109): OrangeHRM\Core\Service\ConfigService->getInstanceIdentifier()
#17 C:\xampp\htdocs\orangehrm-mod\src\plugins\orangehrmCorePlugin\config\CorePluginConfiguration.php(91): CorePluginConfiguration->registerCoreSubscribers()
#18 C:\xampp\htdocs\orangehrm-mod\src\lib\framework\Framework.php(137): CorePluginConfiguration->initialize(Object(OrangeHRM\Framework\Http\Request))
#19 C:\xampp\htdocs\orangehrm-mod\src\lib\framework\Framework.php(154): OrangeHRM\Framework\Framework->configurePlugins(Object(OrangeHRM\Framework\Http\Request))
#20 C:\xampp\htdocs\orangehrm-mod\web\index.php(41): OrangeHRM\Framework\Framework->handleRequest(Object(OrangeHRM\Framework\Http\Request))
#21 {main}

Next Doctrine\DBAL\Driver\PDO\Exception: SQLSTATE[HY000] [2002] No connection could be made because the target machine actively refused it in C:\xampp\htdocs\orangehrm-mod\src\vendor\doctrine\dbal\src\Driver\PDO\Exception.php:28
Stack trace:
#0 C:\xampp\htdocs\orangehrm-mod\src\vendor\doctrine\dbal\src\Driver\PDO\MySQL\Driver.php(40): Doctrine\DBAL\Driver\PDO\Exception::new(Object(PDOException))
#1 C:\xampp\htdocs\orangehrm-mod\src\vendor\doctrine\dbal\src\Connection.php(378): Doctrine\DBAL\Driver\PDO\MySQL\Driver->connect(Object(SensitiveParameterValue))
#2 C:\xampp\htdocs\orangehrm-mod\src\vendor\doctrine\dbal\src\Connection.php(453): Doctrine\DBAL\Connection->connect()
#3 C:\xampp\htdocs\orangehrm-mod\src\vendor\doctrine\dbal\src\Connection.php(411): Doctrine\DBAL\Connection->getDatabasePlatformVersion()
#4 C:\xampp\htdocs\orangehrm-mod\src\vendor\doctrine\dbal\src\Connection.php(318): Doctrine\DBAL\Connection->detectDatabasePlatform()
#5 C:\xampp\htdocs\orangehrm-mod\src\lib\orm\Doctrine.php(90): Doctrine\DBAL\Connection->getDatabasePlatform()
#6 C:\xampp\htdocs\orangehrm-mod\src\lib\orm\Doctrine.php(130): OrangeHRM\ORM\Doctrine->__construct()
#7 C:\xampp\htdocs\orangehrm-mod\src\lib\orm\Doctrine.php(140): OrangeHRM\ORM\Doctrine::getInstance()
#8 C:\xampp\htdocs\orangehrm-mod\src\vendor\symfony\dependency-injection\ContainerBuilder.php(1097): OrangeHRM\ORM\Doctrine::getEntityManager()
#9 C:\xampp\htdocs\orangehrm-mod\src\vendor\symfony\dependency-injection\ContainerBuilder.php(608): Symfony\Component\DependencyInjection\ContainerBuilder->createService(Object(Symfony\Component\DependencyInjection\Definition), Array, true, 'doctrine.entity...')
#10 C:\xampp\htdocs\orangehrm-mod\src\vendor\symfony\dependency-injection\ContainerBuilder.php(553): Symfony\Component\DependencyInjection\ContainerBuilder->doGet('doctrine.entity...', 1)
#11 C:\xampp\htdocs\orangehrm-mod\src\plugins\orangehrmCorePlugin\Traits\ORM\EntityManagerTrait.php(33): Symfony\Component\DependencyInjection\ContainerBuilder->get('doctrine.entity...')
#12 C:\xampp\htdocs\orangehrm-mod\src\plugins\orangehrmCorePlugin\Traits\ORM\EntityManagerHelperTrait.php(41): OrangeHRM\Core\Dao\BaseDao->getEntityManager()
#13 C:\xampp\htdocs\orangehrm-mod\src\plugins\orangehrmCorePlugin\Dao\ConfigDao.php(53): OrangeHRM\Core\Dao\BaseDao->getRepository('OrangeHRM\\Entit...')
#14 C:\xampp\htdocs\orangehrm-mod\src\plugins\orangehrmCorePlugin\Service\ConfigService.php(152): OrangeHRM\Core\Dao\ConfigDao->getValue('instance.identi...')
#15 C:\xampp\htdocs\orangehrm-mod\src\plugins\orangehrmCorePlugin\Service\ConfigService.php(430): OrangeHRM\Core\Service\ConfigService->_getConfigValue('instance.identi...')
#16 C:\xampp\htdocs\orangehrm-mod\src\plugins\orangehrmCorePlugin\config\CorePluginConfiguration.php(109): OrangeHRM\Core\Service\ConfigService->getInstanceIdentifier()
#17 C:\xampp\htdocs\orangehrm-mod\src\plugins\orangehrmCorePlugin\config\CorePluginConfiguration.php(91): CorePluginConfiguration->registerCoreSubscribers()
#18 C:\xampp\htdocs\orangehrm-mod\src\lib\framework\Framework.php(137): CorePluginConfiguration->initialize(Object(OrangeHRM\Framework\Http\Request))
#19 C:\xampp\htdocs\orangehrm-mod\src\lib\framework\Framework.php(154): OrangeHRM\Framework\Framework->configurePlugins(Object(OrangeHRM\Framework\Http\Request))
#20 C:\xampp\htdocs\orangehrm-mod\web\index.php(41): OrangeHRM\Framework\Framework->handleRequest(Object(OrangeHRM\Framework\Http\Request))
#21 {main}

Next Doctrine\DBAL\Exception\ConnectionException: An exception occurred in the driver: SQLSTATE[HY000] [2002] No connection could be made because the target machine actively refused it in C:\xampp\htdocs\orangehrm-mod\src\vendor\doctrine\dbal\src\Driver\API\MySQL\ExceptionConverter.php:101
Stack trace:
#0 C:\xampp\htdocs\orangehrm-mod\src\vendor\doctrine\dbal\src\Connection.php(1943): Doctrine\DBAL\Driver\API\MySQL\ExceptionConverter->convert(Object(Doctrine\DBAL\Driver\PDO\Exception), NULL)
#1 C:\xampp\htdocs\orangehrm-mod\src\vendor\doctrine\dbal\src\Connection.php(1891): Doctrine\DBAL\Connection->handleDriverException(Object(Doctrine\DBAL\Driver\PDO\Exception), NULL)
#2 C:\xampp\htdocs\orangehrm-mod\src\vendor\doctrine\dbal\src\Connection.php(380): Doctrine\DBAL\Connection->convertException(Object(Doctrine\DBAL\Driver\PDO\Exception))
#3 C:\xampp\htdocs\orangehrm-mod\src\vendor\doctrine\dbal\src\Connection.php(453): Doctrine\DBAL\Connection->connect()
#4 C:\xampp\htdocs\orangehrm-mod\src\vendor\doctrine\dbal\src\Connection.php(411): Doctrine\DBAL\Connection->getDatabasePlatformVersion()
#5 C:\xampp\htdocs\orangehrm-mod\src\vendor\doctrine\dbal\src\Connection.php(318): Doctrine\DBAL\Connection->detectDatabasePlatform()
#6 C:\xampp\htdocs\orangehrm-mod\src\lib\orm\Doctrine.php(90): Doctrine\DBAL\Connection->getDatabasePlatform()
#7 C:\xampp\htdocs\orangehrm-mod\src\lib\orm\Doctrine.php(130): OrangeHRM\ORM\Doctrine->__construct()
#8 C:\xampp\htdocs\orangehrm-mod\src\lib\orm\Doctrine.php(140): OrangeHRM\ORM\Doctrine::getInstance()
#9 C:\xampp\htdocs\orangehrm-mod\src\vendor\symfony\dependency-injection\ContainerBuilder.php(1097): OrangeHRM\ORM\Doctrine::getEntityManager()
#10 C:\xampp\htdocs\orangehrm-mod\src\vendor\symfony\dependency-injection\ContainerBuilder.php(608): Symfony\Component\DependencyInjection\ContainerBuilder->createService(Object(Symfony\Component\DependencyInjection\Definition), Array, true, 'doctrine.entity...')
#11 C:\xampp\htdocs\orangehrm-mod\src\vendor\symfony\dependency-injection\ContainerBuilder.php(553): Symfony\Component\DependencyInjection\ContainerBuilder->doGet('doctrine.entity...', 1)
#12 C:\xampp\htdocs\orangehrm-mod\src\plugins\orangehrmCorePlugin\Traits\ORM\EntityManagerTrait.php(33): Symfony\Component\DependencyInjection\ContainerBuilder->get('doctrine.entity...')
#13 C:\xampp\htdocs\orangehrm-mod\src\plugins\orangehrmCorePlugin\Traits\ORM\EntityManagerHelperTrait.php(41): OrangeHRM\Core\Dao\BaseDao->getEntityManager()
#14 C:\xampp\htdocs\orangehrm-mod\src\plugins\orangehrmCorePlugin\Dao\ConfigDao.php(53): OrangeHRM\Core\Dao\BaseDao->getRepository('OrangeHRM\\Entit...')
#15 C:\xampp\htdocs\orangehrm-mod\src\plugins\orangehrmCorePlugin\Service\ConfigService.php(152): OrangeHRM\Core\Dao\ConfigDao->getValue('instance.identi...')
#16 C:\xampp\htdocs\orangehrm-mod\src\plugins\orangehrmCorePlugin\Service\ConfigService.php(430): OrangeHRM\Core\Service\ConfigService->_getConfigValue('instance.identi...')
#17 C:\xampp\htdocs\orangehrm-mod\src\plugins\orangehrmCorePlugin\config\CorePluginConfiguration.php(109): OrangeHRM\Core\Service\ConfigService->getInstanceIdentifier()
#18 C:\xampp\htdocs\orangehrm-mod\src\plugins\orangehrmCorePlugin\config\CorePluginConfiguration.php(91): CorePluginConfiguration->registerCoreSubscribers()
#19 C:\xampp\htdocs\orangehrm-mod\src\lib\framework\Framework.php(137): CorePluginConfiguration->initialize(Object(OrangeHRM\Framework\Http\Request))
#20 C:\xampp\htdocs\orangehrm-mod\src\lib\framework\Framework.php(154): OrangeHRM\Framework\Framework->configurePlugins(Object(OrangeHRM\Framework\Http\Request))
#21 C:\xampp\htdocs\orangehrm-mod\web\index.php(41): OrangeHRM\Framework\Framework->handleRequest(Object(OrangeHRM\Framework\Http\Request))
#22 {main}
  thrown in C:\xampp\htdocs\orangehrm-mod\src\vendor\doctrine\dbal\src\Driver\API\MySQL\ExceptionConverter.php on line 101
[2025-04-22T03:39:55.209465+02:00] orangehrm.ERROR:  [] []
[2025-04-22T03:39:55.342926+02:00] orangehrm.ERROR: #0 C:\xampp\htdocs\orangehrm-mod\src\vendor\symfony\event-dispatcher\EventDispatcher.php(230): OrangeHRM\Authentication\Subscriber\AuthenticationSubscriber->onControllerEvent(Object(Symfony\Component\HttpKernel\Event\ControllerEvent), 'kernel.controll...', Object(OrangeHRM\Framework\Event\EventDispatcher)) #1 C:\xampp\htdocs\orangehrm-mod\src\vendor\symfony\event-dispatcher\EventDispatcher.php(59): Symfony\Component\EventDispatcher\EventDispatcher->callListeners(Array, 'kernel.controll...', Object(Symfony\Component\HttpKernel\Event\ControllerEvent)) #2 C:\xampp\htdocs\orangehrm-mod\src\vendor\symfony\http-kernel\HttpKernel.php(151): Symfony\Component\EventDispatcher\EventDispatcher->dispatch(Object(Symfony\Component\HttpKernel\Event\ControllerEvent), 'kernel.controll...') #3 C:\xampp\htdocs\orangehrm-mod\src\vendor\symfony\http-kernel\HttpKernel.php(75): Symfony\Component\HttpKernel\HttpKernel->handleRaw(Object(OrangeHRM\Framework\Http\Request), 1) #4 C:\xampp\htdocs\orangehrm-mod\src\lib\framework\Framework.php(156): Symfony\Component\HttpKernel\HttpKernel->handle(Object(OrangeHRM\Framework\Http\Request), 1, true) #5 C:\xampp\htdocs\orangehrm-mod\web\index.php(41): OrangeHRM\Framework\Framework->handleRequest(Object(OrangeHRM\Framework\Http\Request)) #6 {main} [] []
[2025-04-22T07:29:32.768711+02:00] orangehrm.ERROR:  [] []
[2025-04-22T07:29:32.770201+02:00] orangehrm.ERROR: #0 C:\xampp\htdocs\orangehrm-mod\src\vendor\symfony\event-dispatcher\EventDispatcher.php(230): OrangeHRM\Authentication\Subscriber\AuthenticationSubscriber->onControllerEvent(Object(Symfony\Component\HttpKernel\Event\ControllerEvent), 'kernel.controll...', Object(OrangeHRM\Framework\Event\EventDispatcher)) #1 C:\xampp\htdocs\orangehrm-mod\src\vendor\symfony\event-dispatcher\EventDispatcher.php(59): Symfony\Component\EventDispatcher\EventDispatcher->callListeners(Array, 'kernel.controll...', Object(Symfony\Component\HttpKernel\Event\ControllerEvent)) #2 C:\xampp\htdocs\orangehrm-mod\src\vendor\symfony\http-kernel\HttpKernel.php(151): Symfony\Component\EventDispatcher\EventDispatcher->dispatch(Object(Symfony\Component\HttpKernel\Event\ControllerEvent), 'kernel.controll...') #3 C:\xampp\htdocs\orangehrm-mod\src\vendor\symfony\http-kernel\HttpKernel.php(75): Symfony\Component\HttpKernel\HttpKernel->handleRaw(Object(OrangeHRM\Framework\Http\Request), 1) #4 C:\xampp\htdocs\orangehrm-mod\src\lib\framework\Framework.php(156): Symfony\Component\HttpKernel\HttpKernel->handle(Object(OrangeHRM\Framework\Http\Request), 1, true) #5 C:\xampp\htdocs\orangehrm-mod\web\index.php(41): OrangeHRM\Framework\Framework->handleRequest(Object(OrangeHRM\Framework\Http\Request)) #6 {main} [] []
